The target system is: iOS - 10.0 - 
The host system is: Darwin - 20.6.0 - x86_64
Compiling the C compiler identification source file "CMakeCCompilerId.c" succeeded.
Compiler:  
Build flags: 
Id flags:  

The output was:
0
Command line invocation:
    /Applications/Xcode.app/Contents/Developer/usr/bin/xcodebuild

User defaults from command line:
    IDEPackageSupportUseBuiltinSCM = YES

note: Using new build system
note: Planning
Analyze workspace

Create build description
Build description signature: f1db7bac938afc5242f4b34acff01d34
Build description path: /Users/catdev/repos/AEC3/iOS/CMakeFiles/3.22.0/CompilerIdC/./XCBuildData/f1db7bac938afc5242f4b34acff01d34-desc.xcbuild

note: Build preparation complete
warning: Building targets in manual order is deprecated - check "Parallelize build for command-line builds" in the project editor, or set DISABLE_MANUAL_TARGET_ORDER_BUILD_WARNING in any of the targets in the current build to suppress this warning
CreateBuildDirectory /Users/catdev/repos/AEC3/iOS/CMakeFiles/3.22.0/CompilerIdC
    cd /Users/catdev/repos/AEC3/iOS/CMakeFiles/3.22.0/CompilerIdC/CompilerIdC.xcodeproj
    builtin-create-build-directory /Users/catdev/repos/AEC3/iOS/CMakeFiles/3.22.0/CompilerIdC

warning: Traditional headermap style is no longer supported; please migrate to using separate headermaps and set 'ALWAYS_SEARCH_USER_PATHS' to NO. (in target 'CompilerIdC' from project 'CompilerIdC')
MkDir /Users/catdev/repos/AEC3/iOS/CMakeFiles/3.22.0/CompilerIdC/CompilerIdC.xctest (in target 'CompilerIdC' from project 'CompilerIdC')
    cd /Users/catdev/repos/AEC3/iOS/CMakeFiles/3.22.0/CompilerIdC
    /bin/mkdir -p /Users/catdev/repos/AEC3/iOS/CMakeFiles/3.22.0/CompilerIdC/CompilerIdC.xctest

WriteAuxiliaryFile /Users/catdev/repos/AEC3/iOS/CMakeFiles/3.22.0/CompilerIdC/CompilerIdC.build/Debug-iphoneos/CompilerIdC.build/CompilerIdC-project-headers.hmap (in target 'CompilerIdC' from project 'CompilerIdC')
    cd /Users/catdev/repos/AEC3/iOS/CMakeFiles/3.22.0/CompilerIdC
    write-file /Users/catdev/repos/AEC3/iOS/CMakeFiles/3.22.0/CompilerIdC/CompilerIdC.build/Debug-iphoneos/CompilerIdC.build/CompilerIdC-project-headers.hmap

WriteAuxiliaryFile /Users/catdev/repos/AEC3/iOS/CMakeFiles/3.22.0/CompilerIdC/CompilerIdC.build/Debug-iphoneos/CompilerIdC.build/all-product-headers.yaml (in target 'CompilerIdC' from project 'CompilerIdC')
    cd /Users/catdev/repos/AEC3/iOS/CMakeFiles/3.22.0/CompilerIdC
    write-file /Users/catdev/repos/AEC3/iOS/CMakeFiles/3.22.0/CompilerIdC/CompilerIdC.build/Debug-iphoneos/CompilerIdC.build/all-product-headers.yaml

WriteAuxiliaryFile /Users/catdev/repos/AEC3/iOS/CMakeFiles/3.22.0/CompilerIdC/CompilerIdC.build/Debug-iphoneos/CompilerIdC.build/CompilerIdC.hmap (in target 'CompilerIdC' from project 'CompilerIdC')
    cd /Users/catdev/repos/AEC3/iOS/CMakeFiles/3.22.0/CompilerIdC
    write-file /Users/catdev/repos/AEC3/iOS/CMakeFiles/3.22.0/CompilerIdC/CompilerIdC.build/Debug-iphoneos/CompilerIdC.build/CompilerIdC.hmap

WriteAuxiliaryFile /Users/catdev/repos/AEC3/iOS/CMakeFiles/3.22.0/CompilerIdC/CompilerIdC.build/Debug-iphoneos/CompilerIdC.build/CompilerIdC-own-target-headers.hmap (in target 'CompilerIdC' from project 'CompilerIdC')
    cd /Users/catdev/repos/AEC3/iOS/CMakeFiles/3.22.0/CompilerIdC
    write-file /Users/catdev/repos/AEC3/iOS/CMakeFiles/3.22.0/CompilerIdC/CompilerIdC.build/Debug-iphoneos/CompilerIdC.build/CompilerIdC-own-target-headers.hmap

WriteAuxiliaryFile /Users/catdev/repos/AEC3/iOS/CMakeFiles/3.22.0/CompilerIdC/CompilerIdC.build/Debug-iphoneos/CompilerIdC.build/CompilerIdC-all-target-headers.hmap (in target 'CompilerIdC' from project 'CompilerIdC')
    cd /Users/catdev/repos/AEC3/iOS/CMakeFiles/3.22.0/CompilerIdC
    write-file /Users/catdev/repos/AEC3/iOS/CMakeFiles/3.22.0/CompilerIdC/CompilerIdC.build/Debug-iphoneos/CompilerIdC.build/CompilerIdC-all-target-headers.hmap

WriteAuxiliaryFile /Users/catdev/repos/AEC3/iOS/CMakeFiles/3.22.0/CompilerIdC/CompilerIdC.build/Debug-iphoneos/CompilerIdC.build/CompilerIdC-generated-files.hmap (in target 'CompilerIdC' from project 'CompilerIdC')
    cd /Users/catdev/repos/AEC3/iOS/CMakeFiles/3.22.0/CompilerIdC
    write-file /Users/catdev/repos/AEC3/iOS/CMakeFiles/3.22.0/CompilerIdC/CompilerIdC.build/Debug-iphoneos/CompilerIdC.build/CompilerIdC-generated-files.hmap

WriteAuxiliaryFile /Users/catdev/repos/AEC3/iOS/CMakeFiles/3.22.0/CompilerIdC/CompilerIdC.build/Debug-iphoneos/CompilerIdC.build/CompilerIdC-all-non-framework-target-headers.hmap (in target 'CompilerIdC' from project 'CompilerIdC')
    cd /Users/catdev/repos/AEC3/iOS/CMakeFiles/3.22.0/CompilerIdC
    write-file /Users/catdev/repos/AEC3/iOS/CMakeFiles/3.22.0/CompilerIdC/CompilerIdC.build/Debug-iphoneos/CompilerIdC.build/CompilerIdC-all-non-framework-target-headers.hmap

CompileC /Users/catdev/repos/AEC3/iOS/CMakeFiles/3.22.0/CompilerIdC/CompilerIdC.build/Debug-iphoneos/CompilerIdC.build/Objects-normal/arm64/CMakeCCompilerId.o /Users/catdev/repos/AEC3/iOS/CMakeFiles/3.22.0/CompilerIdC/CMakeCCompilerId.c normal arm64 c com.apple.compilers.llvm.clang.1_0.compiler (in target 'CompilerIdC' from project 'CompilerIdC')
    cd /Users/catdev/repos/AEC3/iOS/CMakeFiles/3.22.0/CompilerIdC
    export LANG\=en_US.US-ASCII
    /Applications/Xcode.app/Contents/Developer/Toolchains/XcodeDefault.xctoolchain/usr/bin/clang -x c -target arm64-apple-ios15.2 -fmessage-length\=0 -fdiagnostics-show-note-include-stack -fmacro-backtrace-limit\=0 -Wno-trigraphs -fpascal-strings -Os -Wno-missing-field-initializers -Wno-missing-prototypes -Wno-return-type -Wno-missing-braces -Wparentheses -Wswitch -Wno-unused-function -Wno-unused-label -Wno-unused-parameter -Wno-unused-variable -Wunused-value -Wno-empty-body -Wno-uninitialized -Wno-unknown-pragmas -Wno-shadow -Wno-four-char-constants -Wno-conversion -Wno-constant-conversion -Wno-int-conversion -Wno-bool-conversion -Wno-enum-conversion -Wno-float-conversion -Wno-non-literal-null-conversion -Wno-objc-literal-conversion -Wshorten-64-to-32 -Wpointer-sign -Wno-newline-eof -isysroot /Applications/Xcode.app/Contents/Developer/Platforms/iPhoneOS.platform/Developer/SDKs/iPhoneOS15.2.sdk -fstrict-aliasing -Wdeprecated-declarations -g -Wno-sign-conversion -Wno-infinite-recursion -Wno-comma -Wno-block-capture-autoreleasing -Wno-strict-prototypes -Wno-semicolon-before-method-body -iquote /Users/catdev/repos/AEC3/iOS/CMakeFiles/3.22.0/CompilerIdC/CompilerIdC.build/Debug-iphoneos/CompilerIdC.build/CompilerIdC-generated-files.hmap -I/Users/catdev/repos/AEC3/iOS/CMakeFiles/3.22.0/CompilerIdC/CompilerIdC.build/Debug-iphoneos/CompilerIdC.build/CompilerIdC-own-target-headers.hmap -I/Users/catdev/repos/AEC3/iOS/CMakeFiles/3.22.0/CompilerIdC/CompilerIdC.build/Debug-iphoneos/CompilerIdC.build/CompilerIdC-all-target-headers.hmap -iquote /Users/catdev/repos/AEC3/iOS/CMakeFiles/3.22.0/CompilerIdC/CompilerIdC.build/Debug-iphoneos/CompilerIdC.build/CompilerIdC-project-headers.hmap -I/Users/catdev/repos/AEC3/iOS/CMakeFiles/3.22.0/CompilerIdC/include -I/Users/catdev/repos/AEC3/iOS/CMakeFiles/3.22.0/CompilerIdC/CompilerIdC.build/Debug-iphoneos/CompilerIdC.build/DerivedSources-normal/arm64 -I/Users/catdev/repos/AEC3/iOS/CMakeFiles/3.22.0/CompilerIdC/CompilerIdC.build/Debug-iphoneos/CompilerIdC.build/DerivedSources/arm64 -I/Users/catdev/repos/AEC3/iOS/CMakeFiles/3.22.0/CompilerIdC/CompilerIdC.build/Debug-iphoneos/CompilerIdC.build/DerivedSources -F/Users/catdev/repos/AEC3/iOS/CMakeFiles/3.22.0/CompilerIdC -iframework /Applications/Xcode.app/Contents/Developer/Platforms/iPhoneOS.platform/Developer/Library/Frameworks -iframework /Applications/Xcode.app/Contents/Developer/Platforms/iPhoneOS.platform/Developer/SDKs/iPhoneOS15.2.sdk/Developer/Library/Frameworks -MMD -MT dependencies -MF /Users/catdev/repos/AEC3/iOS/CMakeFiles/3.22.0/CompilerIdC/CompilerIdC.build/Debug-iphoneos/CompilerIdC.build/Objects-normal/arm64/CMakeCCompilerId.d --serialize-diagnostics /Users/catdev/repos/AEC3/iOS/CMakeFiles/3.22.0/CompilerIdC/CompilerIdC.build/Debug-iphoneos/CompilerIdC.build/Objects-normal/arm64/CMakeCCompilerId.dia -c /Users/catdev/repos/AEC3/iOS/CMakeFiles/3.22.0/CompilerIdC/CMakeCCompilerId.c -o /Users/catdev/repos/AEC3/iOS/CMakeFiles/3.22.0/CompilerIdC/CompilerIdC.build/Debug-iphoneos/CompilerIdC.build/Objects-normal/arm64/CMakeCCompilerId.o

WriteAuxiliaryFile /Users/catdev/repos/AEC3/iOS/CMakeFiles/3.22.0/CompilerIdC/CompilerIdC.build/Debug-iphoneos/CompilerIdC.build/Objects-normal/arm64/CompilerIdC.LinkFileList (in target 'CompilerIdC' from project 'CompilerIdC')
    cd /Users/catdev/repos/AEC3/iOS/CMakeFiles/3.22.0/CompilerIdC
    write-file /Users/catdev/repos/AEC3/iOS/CMakeFiles/3.22.0/CompilerIdC/CompilerIdC.build/Debug-iphoneos/CompilerIdC.build/Objects-normal/arm64/CompilerIdC.LinkFileList

Ld /Users/catdev/repos/AEC3/iOS/CMakeFiles/3.22.0/CompilerIdC/CompilerIdC.xctest/CompilerIdC normal (in target 'CompilerIdC' from project 'CompilerIdC')
    cd /Users/catdev/repos/AEC3/iOS/CMakeFiles/3.22.0/CompilerIdC
    /Applications/Xcode.app/Contents/Developer/Toolchains/XcodeDefault.xctoolchain/usr/bin/clang -target arm64-apple-ios15.2 -bundle -isysroot /Applications/Xcode.app/Contents/Developer/Platforms/iPhoneOS.platform/Developer/SDKs/iPhoneOS15.2.sdk -L/Users/catdev/repos/AEC3/iOS/CMakeFiles/3.22.0/CompilerIdC -L/Applications/Xcode.app/Contents/Developer/Platforms/iPhoneOS.platform/Developer/usr/lib -F/Users/catdev/repos/AEC3/iOS/CMakeFiles/3.22.0/CompilerIdC -iframework /Applications/Xcode.app/Contents/Developer/Platforms/iPhoneOS.platform/Developer/Library/Frameworks -iframework /Applications/Xcode.app/Contents/Developer/Platforms/iPhoneOS.platform/Developer/SDKs/iPhoneOS15.2.sdk/Developer/Library/Frameworks -filelist /Users/catdev/repos/AEC3/iOS/CMakeFiles/3.22.0/CompilerIdC/CompilerIdC.build/Debug-iphoneos/CompilerIdC.build/Objects-normal/arm64/CompilerIdC.LinkFileList -Xlinker -rpath -Xlinker @loader_path/Frameworks -dead_strip -Xlinker -object_path_lto -Xlinker /Users/catdev/repos/AEC3/iOS/CMakeFiles/3.22.0/CompilerIdC/CompilerIdC.build/Debug-iphoneos/CompilerIdC.build/Objects-normal/arm64/CompilerIdC_lto.o -framework XCTest -Xlinker -dependency_info -Xlinker /Users/catdev/repos/AEC3/iOS/CMakeFiles/3.22.0/CompilerIdC/CompilerIdC.build/Debug-iphoneos/CompilerIdC.build/Objects-normal/arm64/CompilerIdC_dependency_info.dat -o /Users/catdev/repos/AEC3/iOS/CMakeFiles/3.22.0/CompilerIdC/CompilerIdC.xctest/CompilerIdC

WriteAuxiliaryFile /Users/catdev/repos/AEC3/iOS/CMakeFiles/3.22.0/CompilerIdC/CompilerIdC.build/Debug-iphoneos/CompilerIdC.build/Script-2C8FEB8E15DC1A1A00E56A5D.sh (in target 'CompilerIdC' from project 'CompilerIdC')
    cd /Users/catdev/repos/AEC3/iOS/CMakeFiles/3.22.0/CompilerIdC
    write-file /Users/catdev/repos/AEC3/iOS/CMakeFiles/3.22.0/CompilerIdC/CompilerIdC.build/Debug-iphoneos/CompilerIdC.build/Script-2C8FEB8E15DC1A1A00E56A5D.sh

GenerateDSYMFile /Users/catdev/repos/AEC3/iOS/CMakeFiles/3.22.0/CompilerIdC/CompilerIdC.xctest.dSYM /Users/catdev/repos/AEC3/iOS/CMakeFiles/3.22.0/CompilerIdC/CompilerIdC.xctest/CompilerIdC (in target 'CompilerIdC' from project 'CompilerIdC')
    cd /Users/catdev/repos/AEC3/iOS/CMakeFiles/3.22.0/CompilerIdC
    /Applications/Xcode.app/Contents/Developer/Toolchains/XcodeDefault.xctoolchain/usr/bin/dsymutil /Users/catdev/repos/AEC3/iOS/CMakeFiles/3.22.0/CompilerIdC/CompilerIdC.xctest/CompilerIdC -o /Users/catdev/repos/AEC3/iOS/CMakeFiles/3.22.0/CompilerIdC/CompilerIdC.xctest.dSYM

PhaseScriptExecution Run\ Script /Users/catdev/repos/AEC3/iOS/CMakeFiles/3.22.0/CompilerIdC/CompilerIdC.build/Debug-iphoneos/CompilerIdC.build/Script-2C8FEB8E15DC1A1A00E56A5D.sh (in target 'CompilerIdC' from project 'CompilerIdC')
    cd /Users/catdev/repos/AEC3/iOS/CMakeFiles/3.22.0/CompilerIdC
    /bin/sh -c /Users/catdev/repos/AEC3/iOS/CMakeFiles/3.22.0/CompilerIdC/CompilerIdC.build/Debug-iphoneos/CompilerIdC.build/Script-2C8FEB8E15DC1A1A00E56A5D.sh
GCC_VERSION=com.apple.compilers.llvm.clang.1_0
ARCHS=arm64

RegisterExecutionPolicyException /Users/catdev/repos/AEC3/iOS/CMakeFiles/3.22.0/CompilerIdC/CompilerIdC.xctest (in target 'CompilerIdC' from project 'CompilerIdC')
    cd /Users/catdev/repos/AEC3/iOS/CMakeFiles/3.22.0/CompilerIdC
    builtin-RegisterExecutionPolicyException /Users/catdev/repos/AEC3/iOS/CMakeFiles/3.22.0/CompilerIdC/CompilerIdC.xctest

Touch /Users/catdev/repos/AEC3/iOS/CMakeFiles/3.22.0/CompilerIdC/CompilerIdC.xctest (in target 'CompilerIdC' from project 'CompilerIdC')
    cd /Users/catdev/repos/AEC3/iOS/CMakeFiles/3.22.0/CompilerIdC
    /usr/bin/touch -c /Users/catdev/repos/AEC3/iOS/CMakeFiles/3.22.0/CompilerIdC/CompilerIdC.xctest

** BUILD SUCCEEDED **



Compilation of the C compiler identification source "CMakeCCompilerId.c" produced "CompilerIdC.xctest/CompilerIdC"

The C compiler identification is AppleClang, found in "/Users/catdev/repos/AEC3/iOS/CMakeFiles/3.22.0/CompilerIdC/CompilerIdC.xctest/CompilerIdC"

Compiling the CXX compiler identification source file "CMakeCXXCompilerId.cpp" succeeded.
Compiler:  
Build flags: 
Id flags:  

The output was:
0
Command line invocation:
    /Applications/Xcode.app/Contents/Developer/usr/bin/xcodebuild

User defaults from command line:
    IDEPackageSupportUseBuiltinSCM = YES

note: Using new build system
note: Planning
Analyze workspace

Create build description
Build description signature: ef5991e9b1458bcf8f6145c3209897e5
Build description path: /Users/catdev/repos/AEC3/iOS/CMakeFiles/3.22.0/CompilerIdCXX/./XCBuildData/ef5991e9b1458bcf8f6145c3209897e5-desc.xcbuild

note: Build preparation complete
warning: Building targets in manual order is deprecated - check "Parallelize build for command-line builds" in the project editor, or set DISABLE_MANUAL_TARGET_ORDER_BUILD_WARNING in any of the targets in the current build to suppress this warning
CreateBuildDirectory /Users/catdev/repos/AEC3/iOS/CMakeFiles/3.22.0/CompilerIdCXX
    cd /Users/catdev/repos/AEC3/iOS/CMakeFiles/3.22.0/CompilerIdCXX/CompilerIdCXX.xcodeproj
    builtin-create-build-directory /Users/catdev/repos/AEC3/iOS/CMakeFiles/3.22.0/CompilerIdCXX

warning: Traditional headermap style is no longer supported; please migrate to using separate headermaps and set 'ALWAYS_SEARCH_USER_PATHS' to NO. (in target 'CompilerIdCXX' from project 'CompilerIdCXX')
MkDir /Users/catdev/repos/AEC3/iOS/CMakeFiles/3.22.0/CompilerIdCXX/CompilerIdCXX.xctest (in target 'CompilerIdCXX' from project 'CompilerIdCXX')
    cd /Users/catdev/repos/AEC3/iOS/CMakeFiles/3.22.0/CompilerIdCXX
    /bin/mkdir -p /Users/catdev/repos/AEC3/iOS/CMakeFiles/3.22.0/CompilerIdCXX/CompilerIdCXX.xctest

WriteAuxiliaryFile /Users/catdev/repos/AEC3/iOS/CMakeFiles/3.22.0/CompilerIdCXX/CompilerIdCXX.build/Debug-iphoneos/CompilerIdCXX.build/all-product-headers.yaml (in target 'CompilerIdCXX' from project 'CompilerIdCXX')
    cd /Users/catdev/repos/AEC3/iOS/CMakeFiles/3.22.0/CompilerIdCXX
    write-file /Users/catdev/repos/AEC3/iOS/CMakeFiles/3.22.0/CompilerIdCXX/CompilerIdCXX.build/Debug-iphoneos/CompilerIdCXX.build/all-product-headers.yaml

WriteAuxiliaryFile /Users/catdev/repos/AEC3/iOS/CMakeFiles/3.22.0/CompilerIdCXX/CompilerIdCXX.build/Debug-iphoneos/CompilerIdCXX.build/CompilerIdCXX.hmap (in target 'CompilerIdCXX' from project 'CompilerIdCXX')
    cd /Users/catdev/repos/AEC3/iOS/CMakeFiles/3.22.0/CompilerIdCXX
    write-file /Users/catdev/repos/AEC3/iOS/CMakeFiles/3.22.0/CompilerIdCXX/CompilerIdCXX.build/Debug-iphoneos/CompilerIdCXX.build/CompilerIdCXX.hmap

WriteAuxiliaryFile /Users/catdev/repos/AEC3/iOS/CMakeFiles/3.22.0/CompilerIdCXX/CompilerIdCXX.build/Debug-iphoneos/CompilerIdCXX.build/CompilerIdCXX-own-target-headers.hmap (in target 'CompilerIdCXX' from project 'CompilerIdCXX')
    cd /Users/catdev/repos/AEC3/iOS/CMakeFiles/3.22.0/CompilerIdCXX
    write-file /Users/catdev/repos/AEC3/iOS/CMakeFiles/3.22.0/CompilerIdCXX/CompilerIdCXX.build/Debug-iphoneos/CompilerIdCXX.build/CompilerIdCXX-own-target-headers.hmap

WriteAuxiliaryFile /Users/catdev/repos/AEC3/iOS/CMakeFiles/3.22.0/CompilerIdCXX/CompilerIdCXX.build/Debug-iphoneos/CompilerIdCXX.build/CompilerIdCXX-project-headers.hmap (in target 'CompilerIdCXX' from project 'CompilerIdCXX')
    cd /Users/catdev/repos/AEC3/iOS/CMakeFiles/3.22.0/CompilerIdCXX
    write-file /Users/catdev/repos/AEC3/iOS/CMakeFiles/3.22.0/CompilerIdCXX/CompilerIdCXX.build/Debug-iphoneos/CompilerIdCXX.build/CompilerIdCXX-project-headers.hmap

WriteAuxiliaryFile /Users/catdev/repos/AEC3/iOS/CMakeFiles/3.22.0/CompilerIdCXX/CompilerIdCXX.build/Debug-iphoneos/CompilerIdCXX.build/CompilerIdCXX-generated-files.hmap (in target 'CompilerIdCXX' from project 'CompilerIdCXX')
    cd /Users/catdev/repos/AEC3/iOS/CMakeFiles/3.22.0/CompilerIdCXX
    write-file /Users/catdev/repos/AEC3/iOS/CMakeFiles/3.22.0/CompilerIdCXX/CompilerIdCXX.build/Debug-iphoneos/CompilerIdCXX.build/CompilerIdCXX-generated-files.hmap

WriteAuxiliaryFile /Users/catdev/repos/AEC3/iOS/CMakeFiles/3.22.0/CompilerIdCXX/CompilerIdCXX.build/Debug-iphoneos/CompilerIdCXX.build/CompilerIdCXX-all-target-headers.hmap (in target 'CompilerIdCXX' from project 'CompilerIdCXX')
    cd /Users/catdev/repos/AEC3/iOS/CMakeFiles/3.22.0/CompilerIdCXX
    write-file /Users/catdev/repos/AEC3/iOS/CMakeFiles/3.22.0/CompilerIdCXX/CompilerIdCXX.build/Debug-iphoneos/CompilerIdCXX.build/CompilerIdCXX-all-target-headers.hmap

WriteAuxiliaryFile /Users/catdev/repos/AEC3/iOS/CMakeFiles/3.22.0/CompilerIdCXX/CompilerIdCXX.build/Debug-iphoneos/CompilerIdCXX.build/CompilerIdCXX-all-non-framework-target-headers.hmap (in target 'CompilerIdCXX' from project 'CompilerIdCXX')
    cd /Users/catdev/repos/AEC3/iOS/CMakeFiles/3.22.0/CompilerIdCXX
    write-file /Users/catdev/repos/AEC3/iOS/CMakeFiles/3.22.0/CompilerIdCXX/CompilerIdCXX.build/Debug-iphoneos/CompilerIdCXX.build/CompilerIdCXX-all-non-framework-target-headers.hmap

CompileC /Users/catdev/repos/AEC3/iOS/CMakeFiles/3.22.0/CompilerIdCXX/CompilerIdCXX.build/Debug-iphoneos/CompilerIdCXX.build/Objects-normal/arm64/CMakeCXXCompilerId.o /Users/catdev/repos/AEC3/iOS/CMakeFiles/3.22.0/CompilerIdCXX/CMakeCXXCompilerId.cpp normal arm64 c++ com.apple.compilers.llvm.clang.1_0.compiler (in target 'CompilerIdCXX' from project 'CompilerIdCXX')
    cd /Users/catdev/repos/AEC3/iOS/CMakeFiles/3.22.0/CompilerIdCXX
    export LANG\=en_US.US-ASCII
    /Applications/Xcode.app/Contents/Developer/Toolchains/XcodeDefault.xctoolchain/usr/bin/clang -x c++ -target arm64-apple-ios15.2 -fmessage-length\=0 -fdiagnostics-show-note-include-stack -fmacro-backtrace-limit\=0 -Wno-trigraphs -fpascal-strings -Os -Wno-missing-field-initializers -Wno-missing-prototypes -Wno-return-type -Wno-non-virtual-dtor -Wno-overloaded-virtual -Wno-exit-time-destructors -Wno-missing-braces -Wparentheses -Wswitch -Wno-unused-function -Wno-unused-label -Wno-unused-parameter -Wno-unused-variable -Wunused-value -Wno-empty-body -Wno-uninitialized -Wno-unknown-pragmas -Wno-shadow -Wno-four-char-constants -Wno-conversion -Wno-constant-conversion -Wno-int-conversion -Wno-bool-conversion -Wno-enum-conversion -Wno-float-conversion -Wno-non-literal-null-conversion -Wno-objc-literal-conversion -Wshorten-64-to-32 -Wno-newline-eof -Wno-c++11-extensions -isysroot /Applications/Xcode.app/Contents/Developer/Platforms/iPhoneOS.platform/Developer/SDKs/iPhoneOS15.2.sdk -fstrict-aliasing -Wdeprecated-declarations -Winvalid-offsetof -g -fvisibility-inlines-hidden -Wno-sign-conversion -Wno-infinite-recursion -Wno-move -Wno-comma -Wno-block-capture-autoreleasing -Wno-strict-prototypes -Wno-range-loop-analysis -Wno-semicolon-before-method-body -iquote /Users/catdev/repos/AEC3/iOS/CMakeFiles/3.22.0/CompilerIdCXX/CompilerIdCXX.build/Debug-iphoneos/CompilerIdCXX.build/CompilerIdCXX-generated-files.hmap -I/Users/catdev/repos/AEC3/iOS/CMakeFiles/3.22.0/CompilerIdCXX/CompilerIdCXX.build/Debug-iphoneos/CompilerIdCXX.build/CompilerIdCXX-own-target-headers.hmap -I/Users/catdev/repos/AEC3/iOS/CMakeFiles/3.22.0/CompilerIdCXX/CompilerIdCXX.build/Debug-iphoneos/CompilerIdCXX.build/CompilerIdCXX-all-target-headers.hmap -iquote /Users/catdev/repos/AEC3/iOS/CMakeFiles/3.22.0/CompilerIdCXX/CompilerIdCXX.build/Debug-iphoneos/CompilerIdCXX.build/CompilerIdCXX-project-headers.hmap -I/Users/catdev/repos/AEC3/iOS/CMakeFiles/3.22.0/CompilerIdCXX/include -I/Users/catdev/repos/AEC3/iOS/CMakeFiles/3.22.0/CompilerIdCXX/CompilerIdCXX.build/Debug-iphoneos/CompilerIdCXX.build/DerivedSources-normal/arm64 -I/Users/catdev/repos/AEC3/iOS/CMakeFiles/3.22.0/CompilerIdCXX/CompilerIdCXX.build/Debug-iphoneos/CompilerIdCXX.build/DerivedSources/arm64 -I/Users/catdev/repos/AEC3/iOS/CMakeFiles/3.22.0/CompilerIdCXX/CompilerIdCXX.build/Debug-iphoneos/CompilerIdCXX.build/DerivedSources -F/Users/catdev/repos/AEC3/iOS/CMakeFiles/3.22.0/CompilerIdCXX -iframework /Applications/Xcode.app/Contents/Developer/Platforms/iPhoneOS.platform/Developer/Library/Frameworks -iframework /Applications/Xcode.app/Contents/Developer/Platforms/iPhoneOS.platform/Developer/SDKs/iPhoneOS15.2.sdk/Developer/Library/Frameworks -MMD -MT dependencies -MF /Users/catdev/repos/AEC3/iOS/CMakeFiles/3.22.0/CompilerIdCXX/CompilerIdCXX.build/Debug-iphoneos/CompilerIdCXX.build/Objects-normal/arm64/CMakeCXXCompilerId.d --serialize-diagnostics /Users/catdev/repos/AEC3/iOS/CMakeFiles/3.22.0/CompilerIdCXX/CompilerIdCXX.build/Debug-iphoneos/CompilerIdCXX.build/Objects-normal/arm64/CMakeCXXCompilerId.dia -c /Users/catdev/repos/AEC3/iOS/CMakeFiles/3.22.0/CompilerIdCXX/CMakeCXXCompilerId.cpp -o /Users/catdev/repos/AEC3/iOS/CMakeFiles/3.22.0/CompilerIdCXX/CompilerIdCXX.build/Debug-iphoneos/CompilerIdCXX.build/Objects-normal/arm64/CMakeCXXCompilerId.o

WriteAuxiliaryFile /Users/catdev/repos/AEC3/iOS/CMakeFiles/3.22.0/CompilerIdCXX/CompilerIdCXX.build/Debug-iphoneos/CompilerIdCXX.build/Objects-normal/arm64/CompilerIdCXX.LinkFileList (in target 'CompilerIdCXX' from project 'CompilerIdCXX')
    cd /Users/catdev/repos/AEC3/iOS/CMakeFiles/3.22.0/CompilerIdCXX
    write-file /Users/catdev/repos/AEC3/iOS/CMakeFiles/3.22.0/CompilerIdCXX/CompilerIdCXX.build/Debug-iphoneos/CompilerIdCXX.build/Objects-normal/arm64/CompilerIdCXX.LinkFileList

Ld /Users/catdev/repos/AEC3/iOS/CMakeFiles/3.22.0/CompilerIdCXX/CompilerIdCXX.xctest/CompilerIdCXX normal (in target 'CompilerIdCXX' from project 'CompilerIdCXX')
    cd /Users/catdev/repos/AEC3/iOS/CMakeFiles/3.22.0/CompilerIdCXX
    /Applications/Xcode.app/Contents/Developer/Toolchains/XcodeDefault.xctoolchain/usr/bin/clang++ -target arm64-apple-ios15.2 -bundle -isysroot /Applications/Xcode.app/Contents/Developer/Platforms/iPhoneOS.platform/Developer/SDKs/iPhoneOS15.2.sdk -L/Users/catdev/repos/AEC3/iOS/CMakeFiles/3.22.0/CompilerIdCXX -L/Applications/Xcode.app/Contents/Developer/Platforms/iPhoneOS.platform/Developer/usr/lib -F/Users/catdev/repos/AEC3/iOS/CMakeFiles/3.22.0/CompilerIdCXX -iframework /Applications/Xcode.app/Contents/Developer/Platforms/iPhoneOS.platform/Developer/Library/Frameworks -iframework /Applications/Xcode.app/Contents/Developer/Platforms/iPhoneOS.platform/Developer/SDKs/iPhoneOS15.2.sdk/Developer/Library/Frameworks -filelist /Users/catdev/repos/AEC3/iOS/CMakeFiles/3.22.0/CompilerIdCXX/CompilerIdCXX.build/Debug-iphoneos/CompilerIdCXX.build/Objects-normal/arm64/CompilerIdCXX.LinkFileList -Xlinker -rpath -Xlinker @loader_path/Frameworks -dead_strip -Xlinker -object_path_lto -Xlinker /Users/catdev/repos/AEC3/iOS/CMakeFiles/3.22.0/CompilerIdCXX/CompilerIdCXX.build/Debug-iphoneos/CompilerIdCXX.build/Objects-normal/arm64/CompilerIdCXX_lto.o -framework XCTest -Xlinker -dependency_info -Xlinker /Users/catdev/repos/AEC3/iOS/CMakeFiles/3.22.0/CompilerIdCXX/CompilerIdCXX.build/Debug-iphoneos/CompilerIdCXX.build/Objects-normal/arm64/CompilerIdCXX_dependency_info.dat -o /Users/catdev/repos/AEC3/iOS/CMakeFiles/3.22.0/CompilerIdCXX/CompilerIdCXX.xctest/CompilerIdCXX

WriteAuxiliaryFile /Users/catdev/repos/AEC3/iOS/CMakeFiles/3.22.0/CompilerIdCXX/CompilerIdCXX.build/Debug-iphoneos/CompilerIdCXX.build/Script-2C8FEB8E15DC1A1A00E56A5D.sh (in target 'CompilerIdCXX' from project 'CompilerIdCXX')
    cd /Users/catdev/repos/AEC3/iOS/CMakeFiles/3.22.0/CompilerIdCXX
    write-file /Users/catdev/repos/AEC3/iOS/CMakeFiles/3.22.0/CompilerIdCXX/CompilerIdCXX.build/Debug-iphoneos/CompilerIdCXX.build/Script-2C8FEB8E15DC1A1A00E56A5D.sh

GenerateDSYMFile /Users/catdev/repos/AEC3/iOS/CMakeFiles/3.22.0/CompilerIdCXX/CompilerIdCXX.xctest.dSYM /Users/catdev/repos/AEC3/iOS/CMakeFiles/3.22.0/CompilerIdCXX/CompilerIdCXX.xctest/CompilerIdCXX (in target 'CompilerIdCXX' from project 'CompilerIdCXX')
    cd /Users/catdev/repos/AEC3/iOS/CMakeFiles/3.22.0/CompilerIdCXX
    /Applications/Xcode.app/Contents/Developer/Toolchains/XcodeDefault.xctoolchain/usr/bin/dsymutil /Users/catdev/repos/AEC3/iOS/CMakeFiles/3.22.0/CompilerIdCXX/CompilerIdCXX.xctest/CompilerIdCXX -o /Users/catdev/repos/AEC3/iOS/CMakeFiles/3.22.0/CompilerIdCXX/CompilerIdCXX.xctest.dSYM

PhaseScriptExecution Run\ Script /Users/catdev/repos/AEC3/iOS/CMakeFiles/3.22.0/CompilerIdCXX/CompilerIdCXX.build/Debug-iphoneos/CompilerIdCXX.build/Script-2C8FEB8E15DC1A1A00E56A5D.sh (in target 'CompilerIdCXX' from project 'CompilerIdCXX')
    cd /Users/catdev/repos/AEC3/iOS/CMakeFiles/3.22.0/CompilerIdCXX
    /bin/sh -c /Users/catdev/repos/AEC3/iOS/CMakeFiles/3.22.0/CompilerIdCXX/CompilerIdCXX.build/Debug-iphoneos/CompilerIdCXX.build/Script-2C8FEB8E15DC1A1A00E56A5D.sh
GCC_VERSION=com.apple.compilers.llvm.clang.1_0
ARCHS=arm64

RegisterExecutionPolicyException /Users/catdev/repos/AEC3/iOS/CMakeFiles/3.22.0/CompilerIdCXX/CompilerIdCXX.xctest (in target 'CompilerIdCXX' from project 'CompilerIdCXX')
    cd /Users/catdev/repos/AEC3/iOS/CMakeFiles/3.22.0/CompilerIdCXX
    builtin-RegisterExecutionPolicyException /Users/catdev/repos/AEC3/iOS/CMakeFiles/3.22.0/CompilerIdCXX/CompilerIdCXX.xctest

Touch /Users/catdev/repos/AEC3/iOS/CMakeFiles/3.22.0/CompilerIdCXX/CompilerIdCXX.xctest (in target 'CompilerIdCXX' from project 'CompilerIdCXX')
    cd /Users/catdev/repos/AEC3/iOS/CMakeFiles/3.22.0/CompilerIdCXX
    /usr/bin/touch -c /Users/catdev/repos/AEC3/iOS/CMakeFiles/3.22.0/CompilerIdCXX/CompilerIdCXX.xctest

** BUILD SUCCEEDED **



Compilation of the CXX compiler identification source "CMakeCXXCompilerId.cpp" produced "CompilerIdCXX.xctest/CompilerIdCXX"

The CXX compiler identification is AppleClang, found in "/Users/catdev/repos/AEC3/iOS/CMakeFiles/3.22.0/CompilerIdCXX/CompilerIdCXX.xctest/CompilerIdCXX"

Detecting C compiler ABI info compiled with the following output:
Change Dir: /Users/catdev/repos/AEC3/iOS/CMakeFiles/CMakeTmp

Run Build Command(s):/usr/bin/xcodebuild -project CMAKE_TRY_COMPILE.xcodeproj build -target cmTC_878bc -parallelizeTargets -configuration Debug -hideShellScriptEnvironment && Command line invocation:
    /Applications/Xcode.app/Contents/Developer/usr/bin/xcodebuild -project CMAKE_TRY_COMPILE.xcodeproj build -target cmTC_878bc -parallelizeTargets -configuration Debug -hideShellScriptEnvironment

User defaults from command line:
    HideShellScriptEnvironment = YES
    IDEPackageSupportUseBuiltinSCM = YES

note: Using new build system
note: Planning
Analyze workspace

Create build description
Build description signature: e7c30a72839ca14e8e379fc685e926b7
Build description path: /Users/catdev/repos/AEC3/iOS/CMakeFiles/CMakeTmp/build/XCBuildData/e7c30a72839ca14e8e379fc685e926b7-desc.xcbuild

note: Build preparation complete
note: Building targets in dependency order
CreateBuildDirectory /Users/catdev/repos/AEC3/iOS/CMakeFiles/CMakeTmp
    cd /Users/catdev/repos/AEC3/iOS/CMakeFiles/CMakeTmp/CMAKE_TRY_COMPILE.xcodeproj
    builtin-create-build-directory /Users/catdev/repos/AEC3/iOS/CMakeFiles/CMakeTmp

CreateBuildDirectory /Users/catdev/repos/AEC3/iOS/CMakeFiles/CMakeTmp/Debug
    cd /Users/catdev/repos/AEC3/iOS/CMakeFiles/CMakeTmp/CMAKE_TRY_COMPILE.xcodeproj
    builtin-create-build-directory /Users/catdev/repos/AEC3/iOS/CMakeFiles/CMakeTmp/Debug

WriteAuxiliaryFile /Users/catdev/repos/AEC3/iOS/CMakeFiles/CMakeTmp/CMAKE_TRY_COMPILE.build/Debug-iphoneos/cmTC_878bc.build/Objects-normal/arm64/cmTC_878bc.LinkFileList (in target 'cmTC_878bc' from project 'CMAKE_TRY_COMPILE')
    cd /Users/catdev/repos/AEC3/iOS/CMakeFiles/CMakeTmp
    write-file /Users/catdev/repos/AEC3/iOS/CMakeFiles/CMakeTmp/CMAKE_TRY_COMPILE.build/Debug-iphoneos/cmTC_878bc.build/Objects-normal/arm64/cmTC_878bc.LinkFileList

CompileC /Users/catdev/repos/AEC3/iOS/CMakeFiles/CMakeTmp/CMAKE_TRY_COMPILE.build/Debug-iphoneos/cmTC_878bc.build/Objects-normal/arm64/CMakeCCompilerABI.o /usr/local/Cellar/cmake/3.22.0/share/cmake/Modules/CMakeCCompilerABI.c normal arm64 c com.apple.compilers.llvm.clang.1_0.compiler (in target 'cmTC_878bc' from project 'CMAKE_TRY_COMPILE')
    cd /Users/catdev/repos/AEC3/iOS/CMakeFiles/CMakeTmp
    /Applications/Xcode.app/Contents/Developer/Toolchains/XcodeDefault.xctoolchain/usr/bin/clang -x c -target arm64-apple-ios11.0 -fmessage-length\=0 -fdiagnostics-show-note-include-stack -fmacro-backtrace-limit\=0 -Wno-trigraphs -fpascal-strings -O0 -Wno-missing-field-initializers -Wno-missing-prototypes -Wno-return-type -Wno-missing-braces -Wparentheses -Wswitch -Wno-unused-function -Wno-unused-label -Wno-unused-parameter -Wno-unused-variable -Wunused-value -Wno-empty-body -Wno-uninitialized -Wno-unknown-pragmas -Wno-shadow -Wno-four-char-constants -Wno-conversion -Wno-constant-conversion -Wno-int-conversion -Wno-bool-conversion -Wno-enum-conversion -Wno-float-conversion -Wno-non-literal-null-conversion -Wno-objc-literal-conversion -Wshorten-64-to-32 -Wpointer-sign -Wno-newline-eof -DCMAKE_INTDIR\=\"Debug-iphoneos\" -isysroot /Applications/Xcode.app/Contents/Developer/Platforms/iPhoneOS.platform/Developer/SDKs/iPhoneOS15.2.sdk -fstrict-aliasing -Wdeprecated-declarations -g -Wno-sign-conversion -Wno-infinite-recursion -Wno-comma -Wno-block-capture-autoreleasing -Wno-strict-prototypes -Wno-semicolon-before-method-body -fembed-bitcode-marker -I/Users/catdev/repos/AEC3/iOS/CMakeFiles/CMakeTmp/Debug/include -I/Users/catdev/repos/AEC3/iOS/CMakeFiles/CMakeTmp/CMAKE_TRY_COMPILE.build/Debug-iphoneos/cmTC_878bc.build/DerivedSources-normal/arm64 -I/Users/catdev/repos/AEC3/iOS/CMakeFiles/CMakeTmp/CMAKE_TRY_COMPILE.build/Debug-iphoneos/cmTC_878bc.build/DerivedSources/arm64 -I/Users/catdev/repos/AEC3/iOS/CMakeFiles/CMakeTmp/CMAKE_TRY_COMPILE.build/Debug-iphoneos/cmTC_878bc.build/DerivedSources -F/Users/catdev/repos/AEC3/iOS/CMakeFiles/CMakeTmp/Debug -v -Wl,-v -MMD -MT dependencies -MF /Users/catdev/repos/AEC3/iOS/CMakeFiles/CMakeTmp/CMAKE_TRY_COMPILE.build/Debug-iphoneos/cmTC_878bc.build/Objects-normal/arm64/CMakeCCompilerABI.d --serialize-diagnostics /Users/catdev/repos/AEC3/iOS/CMakeFiles/CMakeTmp/CMAKE_TRY_COMPILE.build/Debug-iphoneos/cmTC_878bc.build/Objects-normal/arm64/CMakeCCompilerABI.dia -c /usr/local/Cellar/cmake/3.22.0/share/cmake/Modules/CMakeCCompilerABI.c -o /Users/catdev/repos/AEC3/iOS/CMakeFiles/CMakeTmp/CMAKE_TRY_COMPILE.build/Debug-iphoneos/cmTC_878bc.build/Objects-normal/arm64/CMakeCCompilerABI.o
Apple clang version 13.0.0 (clang-1300.0.29.30)
Target: arm64-apple-ios11.0
Thread model: posix
InstalledDir: /Applications/Xcode.app/Contents/Developer/Toolchains/XcodeDefault.xctoolchain/usr/bin
clang: warning: -Wl,-v: 'linker' input unused [-Wunused-command-line-argument]
 "/Applications/Xcode.app/Contents/Developer/Toolchains/XcodeDefault.xctoolchain/usr/bin/clang" -cc1 -triple arm64-apple-ios11.0.0 -Wundef-prefix=TARGET_OS_ -Wdeprecated-objc-isa-usage -Werror=deprecated-objc-isa-usage -Werror=implicit-function-declaration -emit-obj --mrelax-relocations -fembed-bitcode=marker -fembed-bitcode=marker -disable-free -disable-llvm-verifier -discard-value-names -main-file-name CMakeCCompilerABI.c -mrelocation-model pic -pic-level 2 -mframe-pointer=non-leaf -fno-strict-return -fno-rounding-math -munwind-tables -target-sdk-version=15.2 -fvisibility-inlines-hidden-static-local-var -target-cpu apple-a7 -target-feature +fp-armv8 -target-feature +neon -target-feature +crypto -target-feature +zcm -target-feature +zcz -target-feature +sha2 -target-feature +aes -target-abi darwinpcs -fallow-half-arguments-and-returns -debug-info-kind=standalone -dwarf-version=4 -debugger-tuning=lldb -target-linker-version 711 -v -resource-dir /Applications/Xcode.app/Contents/Developer/Toolchains/XcodeDefault.xctoolchain/usr/lib/clang/13.0.0 -dependency-file /Users/catdev/repos/AEC3/iOS/CMakeFiles/CMakeTmp/CMAKE_TRY_COMPILE.build/Debug-iphoneos/cmTC_878bc.build/Objects-normal/arm64/CMakeCCompilerABI.d -skip-unused-modulemap-deps -MT dependencies -isysroot /Applications/Xcode.app/Contents/Developer/Platforms/iPhoneOS.platform/Developer/SDKs/iPhoneOS15.2.sdk -D "CMAKE_INTDIR=\"Debug-iphoneos\"" -I /Users/catdev/repos/AEC3/iOS/CMakeFiles/CMakeTmp/Debug/include -I /Users/catdev/repos/AEC3/iOS/CMakeFiles/CMakeTmp/CMAKE_TRY_COMPILE.build/Debug-iphoneos/cmTC_878bc.build/DerivedSources-normal/arm64 -I /Users/catdev/repos/AEC3/iOS/CMakeFiles/CMakeTmp/CMAKE_TRY_COMPILE.build/Debug-iphoneos/cmTC_878bc.build/DerivedSources/arm64 -I /Users/catdev/repos/AEC3/iOS/CMakeFiles/CMakeTmp/CMAKE_TRY_COMPILE.build/Debug-iphoneos/cmTC_878bc.build/DerivedSources -F/Users/catdev/repos/AEC3/iOS/CMakeFiles/CMakeTmp/Debug -internal-isystem /Applications/Xcode.app/Contents/Developer/Platforms/iPhoneOS.platform/Developer/SDKs/iPhoneOS15.2.sdk/usr/local/include -internal-isystem /Applications/Xcode.app/Contents/Developer/Toolchains/XcodeDefault.xctoolchain/usr/lib/clang/13.0.0/include -internal-externc-isystem /Applications/Xcode.app/Contents/Developer/Platforms/iPhoneOS.platform/Developer/SDKs/iPhoneOS15.2.sdk/usr/include -internal-externc-isystem /Applications/Xcode.app/Contents/Developer/Toolchains/XcodeDefault.xctoolchain/usr/include -O0 -Wno-trigraphs -Wno-missing-field-initializers -Wno-missing-prototypes -Wno-return-type -Wno-missing-braces -Wparentheses -Wswitch -Wno-unused-function -Wno-unused-label -Wno-unused-parameter -Wno-unused-variable -Wunused-value -Wno-empty-body -Wno-uninitialized -Wno-unknown-pragmas -Wno-shadow -Wno-four-char-constants -Wno-conversion -Wno-constant-conversion -Wno-int-conversion -Wno-bool-conversion -Wno-enum-conversion -Wno-float-conversion -Wno-non-literal-null-conversion -Wno-objc-literal-conversion -Wshorten-64-to-32 -Wpointer-sign -Wno-newline-eof -Wdeprecated-declarations -Wno-sign-conversion -Wno-infinite-recursion -Wno-comma -Wno-block-capture-autoreleasing -Wno-strict-prototypes -Wno-semicolon-before-method-body -Wno-reorder-init-list -Wno-implicit-int-float-conversion -Wno-c99-designator -Wno-final-dtor-non-final-class -Wno-extra-semi-stmt -Wno-misleading-indentation -Wno-quoted-include-in-framework-header -Wno-implicit-fallthrough -Wno-enum-enum-conversion -Wno-enum-float-conversion -Wno-elaborated-enum-base -fdebug-compilation-dir /Users/catdev/repos/AEC3/iOS/CMakeFiles/CMakeTmp -ferror-limit 19 -fmacro-backtrace-limit 0 -stack-protector 1 -mdarwin-stkchk-strong-link -fblocks -fencode-extended-block-signature -fregister-global-dtors-with-atexit -fgnuc-version=4.2.1 -fpascal-strings -fmax-type-align=16 -fcommon -fdiagnostics-show-note-include-stack -serialize-diagnostic-file /Users/catdev/repos/AEC3/iOS/CMakeFiles/CMakeTmp/CMAKE_TRY_COMPILE.build/Debug-iphoneos/cmTC_878bc.build/Objects-normal/arm64/CMakeCCompilerABI.dia -clang-vendor-feature=+nullptrToBoolConversion -clang-vendor-feature=+messageToSelfInClassMethodIdReturnType -clang-vendor-feature=+disableInferNewAvailabilityFromInit -clang-vendor-feature=+disableNeonImmediateRangeCheck -clang-vendor-feature=+disableNonDependentMemberExprInCurrentInstantiation -fno-odr-hash-protocols -clang-vendor-feature=+revert09abecef7bbf -o /Users/catdev/repos/AEC3/iOS/CMakeFiles/CMakeTmp/CMAKE_TRY_COMPILE.build/Debug-iphoneos/cmTC_878bc.build/Objects-normal/arm64/CMakeCCompilerABI.o -x c /usr/local/Cellar/cmake/3.22.0/share/cmake/Modules/CMakeCCompilerABI.c
clang -cc1 version 13.0.0 (clang-1300.0.29.30) default target x86_64-apple-darwin20.6.0
ignoring nonexistent directory "/Users/catdev/repos/AEC3/iOS/CMakeFiles/CMakeTmp/Debug/include"
ignoring nonexistent directory "/Users/catdev/repos/AEC3/iOS/CMakeFiles/CMakeTmp/CMAKE_TRY_COMPILE.build/Debug-iphoneos/cmTC_878bc.build/DerivedSources-normal/arm64"
ignoring nonexistent directory "/Users/catdev/repos/AEC3/iOS/CMakeFiles/CMakeTmp/CMAKE_TRY_COMPILE.build/Debug-iphoneos/cmTC_878bc.build/DerivedSources/arm64"
ignoring nonexistent directory "/Users/catdev/repos/AEC3/iOS/CMakeFiles/CMakeTmp/CMAKE_TRY_COMPILE.build/Debug-iphoneos/cmTC_878bc.build/DerivedSources"
ignoring nonexistent directory "/Applications/Xcode.app/Contents/Developer/Platforms/iPhoneOS.platform/Developer/SDKs/iPhoneOS15.2.sdk/usr/local/include"
ignoring nonexistent directory "/Applications/Xcode.app/Contents/Developer/Platforms/iPhoneOS.platform/Developer/SDKs/iPhoneOS15.2.sdk/Library/Frameworks"
#include "..." search starts here:
#include <...> search starts here:
 /Users/catdev/repos/AEC3/iOS/CMakeFiles/CMakeTmp/Debug (framework directory)
 /Applications/Xcode.app/Contents/Developer/Toolchains/XcodeDefault.xctoolchain/usr/lib/clang/13.0.0/include
 /Applications/Xcode.app/Contents/Developer/Platforms/iPhoneOS.platform/Developer/SDKs/iPhoneOS15.2.sdk/usr/include
 /Applications/Xcode.app/Contents/Developer/Toolchains/XcodeDefault.xctoolchain/usr/include
 /Applications/Xcode.app/Contents/Developer/Platforms/iPhoneOS.platform/Developer/SDKs/iPhoneOS15.2.sdk/System/Library/Frameworks (framework directory)
End of search list.

Libtool /Users/catdev/repos/AEC3/iOS/CMakeFiles/CMakeTmp/Debug/libcmTC_878bc.a normal (in target 'cmTC_878bc' from project 'CMAKE_TRY_COMPILE')
    cd /Users/catdev/repos/AEC3/iOS/CMakeFiles/CMakeTmp
    /Applications/Xcode.app/Contents/Developer/Toolchains/XcodeDefault.xctoolchain/usr/bin/libtool -static -arch_only arm64 -D -syslibroot /Applications/Xcode.app/Contents/Developer/Platforms/iPhoneOS.platform/Developer/SDKs/iPhoneOS15.2.sdk -L/Users/catdev/repos/AEC3/iOS/CMakeFiles/CMakeTmp/Debug -filelist /Users/catdev/repos/AEC3/iOS/CMakeFiles/CMakeTmp/CMAKE_TRY_COMPILE.build/Debug-iphoneos/cmTC_878bc.build/Objects-normal/arm64/cmTC_878bc.LinkFileList -dependency_info /Users/catdev/repos/AEC3/iOS/CMakeFiles/CMakeTmp/CMAKE_TRY_COMPILE.build/Debug-iphoneos/cmTC_878bc.build/Objects-normal/arm64/cmTC_878bc_libtool_dependency_info.dat -o /Users/catdev/repos/AEC3/iOS/CMakeFiles/CMakeTmp/Debug/libcmTC_878bc.a

** BUILD SUCCEEDED **




Parsed C implicit include dir info from above output: rv=done
  found start of include info
  found start of implicit include info
    add: [/Applications/Xcode.app/Contents/Developer/Toolchains/XcodeDefault.xctoolchain/usr/lib/clang/13.0.0/include]
    add: [/Applications/Xcode.app/Contents/Developer/Platforms/iPhoneOS.platform/Developer/SDKs/iPhoneOS15.2.sdk/usr/include]
    add: [/Applications/Xcode.app/Contents/Developer/Toolchains/XcodeDefault.xctoolchain/usr/include]
  end of search list found
  collapse include dir [/Applications/Xcode.app/Contents/Developer/Toolchains/XcodeDefault.xctoolchain/usr/lib/clang/13.0.0/include] ==> [/Applications/Xcode.app/Contents/Developer/Toolchains/XcodeDefault.xctoolchain/usr/lib/clang/13.0.0/include]
  collapse include dir [/Applications/Xcode.app/Contents/Developer/Platforms/iPhoneOS.platform/Developer/SDKs/iPhoneOS15.2.sdk/usr/include] ==> [/Applications/Xcode.app/Contents/Developer/Platforms/iPhoneOS.platform/Developer/SDKs/iPhoneOS15.2.sdk/usr/include]
  collapse include dir [/Applications/Xcode.app/Contents/Developer/Toolchains/XcodeDefault.xctoolchain/usr/include] ==> [/Applications/Xcode.app/Contents/Developer/Toolchains/XcodeDefault.xctoolchain/usr/include]
  implicit include dirs: [/Applications/Xcode.app/Contents/Developer/Toolchains/XcodeDefault.xctoolchain/usr/lib/clang/13.0.0/include;/Applications/Xcode.app/Contents/Developer/Platforms/iPhoneOS.platform/Developer/SDKs/iPhoneOS15.2.sdk/usr/include;/Applications/Xcode.app/Contents/Developer/Toolchains/XcodeDefault.xctoolchain/usr/include]


Parsed C implicit link information from above output:
  link line regex: [^( *|.*[/\])(ld|CMAKE_LINK_STARTFILE-NOTFOUND|([^/\]+-)?ld|collect2)[^/\]*( |$)]
  ignore line: [Change Dir: /Users/catdev/repos/AEC3/iOS/CMakeFiles/CMakeTmp]
  ignore line: []
  ignore line: [Run Build Command(s):/usr/bin/xcodebuild -project CMAKE_TRY_COMPILE.xcodeproj build -target cmTC_878bc -parallelizeTargets -configuration Debug -hideShellScriptEnvironment && Command line invocation:]
  ignore line: [    /Applications/Xcode.app/Contents/Developer/usr/bin/xcodebuild -project CMAKE_TRY_COMPILE.xcodeproj build -target cmTC_878bc -parallelizeTargets -configuration Debug -hideShellScriptEnvironment]
  ignore line: []
  ignore line: [User defaults from command line:]
  ignore line: [    HideShellScriptEnvironment = YES]
  ignore line: [    IDEPackageSupportUseBuiltinSCM = YES]
  ignore line: []
  ignore line: [note: Using new build system]
  ignore line: [note: Planning]
  ignore line: [Analyze workspace]
  ignore line: []
  ignore line: [Create build description]
  ignore line: [Build description signature: e7c30a72839ca14e8e379fc685e926b7]
  ignore line: [Build description path: /Users/catdev/repos/AEC3/iOS/CMakeFiles/CMakeTmp/build/XCBuildData/e7c30a72839ca14e8e379fc685e926b7-desc.xcbuild]
  ignore line: []
  ignore line: [note: Build preparation complete]
  ignore line: [note: Building targets in dependency order]
  ignore line: [CreateBuildDirectory /Users/catdev/repos/AEC3/iOS/CMakeFiles/CMakeTmp]
  ignore line: [    cd /Users/catdev/repos/AEC3/iOS/CMakeFiles/CMakeTmp/CMAKE_TRY_COMPILE.xcodeproj]
  ignore line: [    builtin-create-build-directory /Users/catdev/repos/AEC3/iOS/CMakeFiles/CMakeTmp]
  ignore line: []
  ignore line: [CreateBuildDirectory /Users/catdev/repos/AEC3/iOS/CMakeFiles/CMakeTmp/Debug]
  ignore line: [    cd /Users/catdev/repos/AEC3/iOS/CMakeFiles/CMakeTmp/CMAKE_TRY_COMPILE.xcodeproj]
  ignore line: [    builtin-create-build-directory /Users/catdev/repos/AEC3/iOS/CMakeFiles/CMakeTmp/Debug]
  ignore line: []
  ignore line: [WriteAuxiliaryFile /Users/catdev/repos/AEC3/iOS/CMakeFiles/CMakeTmp/CMAKE_TRY_COMPILE.build/Debug-iphoneos/cmTC_878bc.build/Objects-normal/arm64/cmTC_878bc.LinkFileList (in target 'cmTC_878bc' from project 'CMAKE_TRY_COMPILE')]
  ignore line: [    cd /Users/catdev/repos/AEC3/iOS/CMakeFiles/CMakeTmp]
  ignore line: [    write-file /Users/catdev/repos/AEC3/iOS/CMakeFiles/CMakeTmp/CMAKE_TRY_COMPILE.build/Debug-iphoneos/cmTC_878bc.build/Objects-normal/arm64/cmTC_878bc.LinkFileList]
  ignore line: []
  ignore line: [CompileC /Users/catdev/repos/AEC3/iOS/CMakeFiles/CMakeTmp/CMAKE_TRY_COMPILE.build/Debug-iphoneos/cmTC_878bc.build/Objects-normal/arm64/CMakeCCompilerABI.o /usr/local/Cellar/cmake/3.22.0/share/cmake/Modules/CMakeCCompilerABI.c normal arm64 c com.apple.compilers.llvm.clang.1_0.compiler (in target 'cmTC_878bc' from project 'CMAKE_TRY_COMPILE')]
  ignore line: [    cd /Users/catdev/repos/AEC3/iOS/CMakeFiles/CMakeTmp]
  ignore line: [    /Applications/Xcode.app/Contents/Developer/Toolchains/XcodeDefault.xctoolchain/usr/bin/clang -x c -target arm64-apple-ios11.0 -fmessage-length\=0 -fdiagnostics-show-note-include-stack -fmacro-backtrace-limit\=0 -Wno-trigraphs -fpascal-strings -O0 -Wno-missing-field-initializers -Wno-missing-prototypes -Wno-return-type -Wno-missing-braces -Wparentheses -Wswitch -Wno-unused-function -Wno-unused-label -Wno-unused-parameter -Wno-unused-variable -Wunused-value -Wno-empty-body -Wno-uninitialized -Wno-unknown-pragmas -Wno-shadow -Wno-four-char-constants -Wno-conversion -Wno-constant-conversion -Wno-int-conversion -Wno-bool-conversion -Wno-enum-conversion -Wno-float-conversion -Wno-non-literal-null-conversion -Wno-objc-literal-conversion -Wshorten-64-to-32 -Wpointer-sign -Wno-newline-eof -DCMAKE_INTDIR\=\"Debug-iphoneos\" -isysroot /Applications/Xcode.app/Contents/Developer/Platforms/iPhoneOS.platform/Developer/SDKs/iPhoneOS15.2.sdk -fstrict-aliasing -Wdeprecated-declarations -g -Wno-sign-conversion -Wno-infinite-recursion -Wno-comma -Wno-block-capture-autoreleasing -Wno-strict-prototypes -Wno-semicolon-before-method-body -fembed-bitcode-marker -I/Users/catdev/repos/AEC3/iOS/CMakeFiles/CMakeTmp/Debug/include -I/Users/catdev/repos/AEC3/iOS/CMakeFiles/CMakeTmp/CMAKE_TRY_COMPILE.build/Debug-iphoneos/cmTC_878bc.build/DerivedSources-normal/arm64 -I/Users/catdev/repos/AEC3/iOS/CMakeFiles/CMakeTmp/CMAKE_TRY_COMPILE.build/Debug-iphoneos/cmTC_878bc.build/DerivedSources/arm64 -I/Users/catdev/repos/AEC3/iOS/CMakeFiles/CMakeTmp/CMAKE_TRY_COMPILE.build/Debug-iphoneos/cmTC_878bc.build/DerivedSources -F/Users/catdev/repos/AEC3/iOS/CMakeFiles/CMakeTmp/Debug -v -Wl -v -MMD -MT dependencies -MF /Users/catdev/repos/AEC3/iOS/CMakeFiles/CMakeTmp/CMAKE_TRY_COMPILE.build/Debug-iphoneos/cmTC_878bc.build/Objects-normal/arm64/CMakeCCompilerABI.d --serialize-diagnostics /Users/catdev/repos/AEC3/iOS/CMakeFiles/CMakeTmp/CMAKE_TRY_COMPILE.build/Debug-iphoneos/cmTC_878bc.build/Objects-normal/arm64/CMakeCCompilerABI.dia -c /usr/local/Cellar/cmake/3.22.0/share/cmake/Modules/CMakeCCompilerABI.c -o /Users/catdev/repos/AEC3/iOS/CMakeFiles/CMakeTmp/CMAKE_TRY_COMPILE.build/Debug-iphoneos/cmTC_878bc.build/Objects-normal/arm64/CMakeCCompilerABI.o]
  ignore line: [Apple clang version 13.0.0 (clang-1300.0.29.30)]
  ignore line: [Target: arm64-apple-ios11.0]
  ignore line: [Thread model: posix]
  ignore line: [InstalledDir: /Applications/Xcode.app/Contents/Developer/Toolchains/XcodeDefault.xctoolchain/usr/bin]
  ignore line: [clang: warning: -Wl -v: 'linker' input unused [-Wunused-command-line-argument]]
  ignore line: [ "/Applications/Xcode.app/Contents/Developer/Toolchains/XcodeDefault.xctoolchain/usr/bin/clang" -cc1 -triple arm64-apple-ios11.0.0 -Wundef-prefix=TARGET_OS_ -Wdeprecated-objc-isa-usage -Werror=deprecated-objc-isa-usage -Werror=implicit-function-declaration -emit-obj --mrelax-relocations -fembed-bitcode=marker -fembed-bitcode=marker -disable-free -disable-llvm-verifier -discard-value-names -main-file-name CMakeCCompilerABI.c -mrelocation-model pic -pic-level 2 -mframe-pointer=non-leaf -fno-strict-return -fno-rounding-math -munwind-tables -target-sdk-version=15.2 -fvisibility-inlines-hidden-static-local-var -target-cpu apple-a7 -target-feature +fp-armv8 -target-feature +neon -target-feature +crypto -target-feature +zcm -target-feature +zcz -target-feature +sha2 -target-feature +aes -target-abi darwinpcs -fallow-half-arguments-and-returns -debug-info-kind=standalone -dwarf-version=4 -debugger-tuning=lldb -target-linker-version 711 -v -resource-dir /Applications/Xcode.app/Contents/Developer/Toolchains/XcodeDefault.xctoolchain/usr/lib/clang/13.0.0 -dependency-file /Users/catdev/repos/AEC3/iOS/CMakeFiles/CMakeTmp/CMAKE_TRY_COMPILE.build/Debug-iphoneos/cmTC_878bc.build/Objects-normal/arm64/CMakeCCompilerABI.d -skip-unused-modulemap-deps -MT dependencies -isysroot /Applications/Xcode.app/Contents/Developer/Platforms/iPhoneOS.platform/Developer/SDKs/iPhoneOS15.2.sdk -D "CMAKE_INTDIR=\"Debug-iphoneos\"" -I /Users/catdev/repos/AEC3/iOS/CMakeFiles/CMakeTmp/Debug/include -I /Users/catdev/repos/AEC3/iOS/CMakeFiles/CMakeTmp/CMAKE_TRY_COMPILE.build/Debug-iphoneos/cmTC_878bc.build/DerivedSources-normal/arm64 -I /Users/catdev/repos/AEC3/iOS/CMakeFiles/CMakeTmp/CMAKE_TRY_COMPILE.build/Debug-iphoneos/cmTC_878bc.build/DerivedSources/arm64 -I /Users/catdev/repos/AEC3/iOS/CMakeFiles/CMakeTmp/CMAKE_TRY_COMPILE.build/Debug-iphoneos/cmTC_878bc.build/DerivedSources -F/Users/catdev/repos/AEC3/iOS/CMakeFiles/CMakeTmp/Debug -internal-isystem /Applications/Xcode.app/Contents/Developer/Platforms/iPhoneOS.platform/Developer/SDKs/iPhoneOS15.2.sdk/usr/local/include -internal-isystem /Applications/Xcode.app/Contents/Developer/Toolchains/XcodeDefault.xctoolchain/usr/lib/clang/13.0.0/include -internal-externc-isystem /Applications/Xcode.app/Contents/Developer/Platforms/iPhoneOS.platform/Developer/SDKs/iPhoneOS15.2.sdk/usr/include -internal-externc-isystem /Applications/Xcode.app/Contents/Developer/Toolchains/XcodeDefault.xctoolchain/usr/include -O0 -Wno-trigraphs -Wno-missing-field-initializers -Wno-missing-prototypes -Wno-return-type -Wno-missing-braces -Wparentheses -Wswitch -Wno-unused-function -Wno-unused-label -Wno-unused-parameter -Wno-unused-variable -Wunused-value -Wno-empty-body -Wno-uninitialized -Wno-unknown-pragmas -Wno-shadow -Wno-four-char-constants -Wno-conversion -Wno-constant-conversion -Wno-int-conversion -Wno-bool-conversion -Wno-enum-conversion -Wno-float-conversion -Wno-non-literal-null-conversion -Wno-objc-literal-conversion -Wshorten-64-to-32 -Wpointer-sign -Wno-newline-eof -Wdeprecated-declarations -Wno-sign-conversion -Wno-infinite-recursion -Wno-comma -Wno-block-capture-autoreleasing -Wno-strict-prototypes -Wno-semicolon-before-method-body -Wno-reorder-init-list -Wno-implicit-int-float-conversion -Wno-c99-designator -Wno-final-dtor-non-final-class -Wno-extra-semi-stmt -Wno-misleading-indentation -Wno-quoted-include-in-framework-header -Wno-implicit-fallthrough -Wno-enum-enum-conversion -Wno-enum-float-conversion -Wno-elaborated-enum-base -fdebug-compilation-dir /Users/catdev/repos/AEC3/iOS/CMakeFiles/CMakeTmp -ferror-limit 19 -fmacro-backtrace-limit 0 -stack-protector 1 -mdarwin-stkchk-strong-link -fblocks -fencode-extended-block-signature -fregister-global-dtors-with-atexit -fgnuc-version=4.2.1 -fpascal-strings -fmax-type-align=16 -fcommon -fdiagnostics-show-note-include-stack -serialize-diagnostic-file /Users/catdev/repos/AEC3/iOS/CMakeFiles/CMakeTmp/CMAKE_TRY_COMPILE.build/Debug-iphoneos/cmTC_878bc.build/Objects-normal/arm64/CMakeCCompilerABI.dia -clang-vendor-feature=+nullptrToBoolConversion -clang-vendor-feature=+messageToSelfInClassMethodIdReturnType -clang-vendor-feature=+disableInferNewAvailabilityFromInit -clang-vendor-feature=+disableNeonImmediateRangeCheck -clang-vendor-feature=+disableNonDependentMemberExprInCurrentInstantiation -fno-odr-hash-protocols -clang-vendor-feature=+revert09abecef7bbf -o /Users/catdev/repos/AEC3/iOS/CMakeFiles/CMakeTmp/CMAKE_TRY_COMPILE.build/Debug-iphoneos/cmTC_878bc.build/Objects-normal/arm64/CMakeCCompilerABI.o -x c /usr/local/Cellar/cmake/3.22.0/share/cmake/Modules/CMakeCCompilerABI.c]
  ignore line: [clang -cc1 version 13.0.0 (clang-1300.0.29.30) default target x86_64-apple-darwin20.6.0]
  ignore line: [ignoring nonexistent directory "/Users/catdev/repos/AEC3/iOS/CMakeFiles/CMakeTmp/Debug/include"]
  ignore line: [ignoring nonexistent directory "/Users/catdev/repos/AEC3/iOS/CMakeFiles/CMakeTmp/CMAKE_TRY_COMPILE.build/Debug-iphoneos/cmTC_878bc.build/DerivedSources-normal/arm64"]
  ignore line: [ignoring nonexistent directory "/Users/catdev/repos/AEC3/iOS/CMakeFiles/CMakeTmp/CMAKE_TRY_COMPILE.build/Debug-iphoneos/cmTC_878bc.build/DerivedSources/arm64"]
  ignore line: [ignoring nonexistent directory "/Users/catdev/repos/AEC3/iOS/CMakeFiles/CMakeTmp/CMAKE_TRY_COMPILE.build/Debug-iphoneos/cmTC_878bc.build/DerivedSources"]
  ignore line: [ignoring nonexistent directory "/Applications/Xcode.app/Contents/Developer/Platforms/iPhoneOS.platform/Developer/SDKs/iPhoneOS15.2.sdk/usr/local/include"]
  ignore line: [ignoring nonexistent directory "/Applications/Xcode.app/Contents/Developer/Platforms/iPhoneOS.platform/Developer/SDKs/iPhoneOS15.2.sdk/Library/Frameworks"]
  ignore line: [#include "..." search starts here:]
  ignore line: [#include <...> search starts here:]
  ignore line: [ /Users/catdev/repos/AEC3/iOS/CMakeFiles/CMakeTmp/Debug (framework directory)]
  ignore line: [ /Applications/Xcode.app/Contents/Developer/Toolchains/XcodeDefault.xctoolchain/usr/lib/clang/13.0.0/include]
  ignore line: [ /Applications/Xcode.app/Contents/Developer/Platforms/iPhoneOS.platform/Developer/SDKs/iPhoneOS15.2.sdk/usr/include]
  ignore line: [ /Applications/Xcode.app/Contents/Developer/Toolchains/XcodeDefault.xctoolchain/usr/include]
  ignore line: [ /Applications/Xcode.app/Contents/Developer/Platforms/iPhoneOS.platform/Developer/SDKs/iPhoneOS15.2.sdk/System/Library/Frameworks (framework directory)]
  ignore line: [End of search list.]
  ignore line: []
  ignore line: [Libtool /Users/catdev/repos/AEC3/iOS/CMakeFiles/CMakeTmp/Debug/libcmTC_878bc.a normal (in target 'cmTC_878bc' from project 'CMAKE_TRY_COMPILE')]
  ignore line: [    cd /Users/catdev/repos/AEC3/iOS/CMakeFiles/CMakeTmp]
  ignore line: [    /Applications/Xcode.app/Contents/Developer/Toolchains/XcodeDefault.xctoolchain/usr/bin/libtool -static -arch_only arm64 -D -syslibroot /Applications/Xcode.app/Contents/Developer/Platforms/iPhoneOS.platform/Developer/SDKs/iPhoneOS15.2.sdk -L/Users/catdev/repos/AEC3/iOS/CMakeFiles/CMakeTmp/Debug -filelist /Users/catdev/repos/AEC3/iOS/CMakeFiles/CMakeTmp/CMAKE_TRY_COMPILE.build/Debug-iphoneos/cmTC_878bc.build/Objects-normal/arm64/cmTC_878bc.LinkFileList -dependency_info /Users/catdev/repos/AEC3/iOS/CMakeFiles/CMakeTmp/CMAKE_TRY_COMPILE.build/Debug-iphoneos/cmTC_878bc.build/Objects-normal/arm64/cmTC_878bc_libtool_dependency_info.dat -o /Users/catdev/repos/AEC3/iOS/CMakeFiles/CMakeTmp/Debug/libcmTC_878bc.a]
  ignore line: []
  ignore line: [** BUILD SUCCEEDED **]
  ignore line: []
  ignore line: []
  ignore line: []
  implicit libs: []
  implicit objs: []
  implicit dirs: []
  implicit fwks: []


Detecting CXX compiler ABI info compiled with the following output:
Change Dir: /Users/catdev/repos/AEC3/iOS/CMakeFiles/CMakeTmp

Run Build Command(s):/usr/bin/xcodebuild -project CMAKE_TRY_COMPILE.xcodeproj build -target cmTC_bec05 -parallelizeTargets -configuration Debug -hideShellScriptEnvironment && Command line invocation:
    /Applications/Xcode.app/Contents/Developer/usr/bin/xcodebuild -project CMAKE_TRY_COMPILE.xcodeproj build -target cmTC_bec05 -parallelizeTargets -configuration Debug -hideShellScriptEnvironment

User defaults from command line:
    HideShellScriptEnvironment = YES
    IDEPackageSupportUseBuiltinSCM = YES

note: Using new build system
note: Planning
Analyze workspace

Create build description
Build description signature: 78ad56f273940ca9f828cca16075e205
Build description path: /Users/catdev/repos/AEC3/iOS/CMakeFiles/CMakeTmp/build/XCBuildData/78ad56f273940ca9f828cca16075e205-desc.xcbuild

note: Build preparation complete
note: Building targets in dependency order
CreateBuildDirectory /Users/catdev/repos/AEC3/iOS/CMakeFiles/CMakeTmp
    cd /Users/catdev/repos/AEC3/iOS/CMakeFiles/CMakeTmp/CMAKE_TRY_COMPILE.xcodeproj
    builtin-create-build-directory /Users/catdev/repos/AEC3/iOS/CMakeFiles/CMakeTmp

CreateBuildDirectory /Users/catdev/repos/AEC3/iOS/CMakeFiles/CMakeTmp/Debug
    cd /Users/catdev/repos/AEC3/iOS/CMakeFiles/CMakeTmp/CMAKE_TRY_COMPILE.xcodeproj
    builtin-create-build-directory /Users/catdev/repos/AEC3/iOS/CMakeFiles/CMakeTmp/Debug

CompileC /Users/catdev/repos/AEC3/iOS/CMakeFiles/CMakeTmp/CMAKE_TRY_COMPILE.build/Debug-iphoneos/cmTC_bec05.build/Objects-normal/arm64/CMakeCXXCompilerABI.o /usr/local/Cellar/cmake/3.22.0/share/cmake/Modules/CMakeCXXCompilerABI.cpp normal arm64 c++ com.apple.compilers.llvm.clang.1_0.compiler (in target 'cmTC_bec05' from project 'CMAKE_TRY_COMPILE')
    cd /Users/catdev/repos/AEC3/iOS/CMakeFiles/CMakeTmp
    /Applications/Xcode.app/Contents/Developer/Toolchains/XcodeDefault.xctoolchain/usr/bin/clang -x c++ -target arm64-apple-ios11.0 -fmessage-length\=0 -fdiagnostics-show-note-include-stack -fmacro-backtrace-limit\=0 -Wno-trigraphs -fpascal-strings -O0 -Wno-missing-field-initializers -Wno-missing-prototypes -Wno-return-type -Wno-non-virtual-dtor -Wno-overloaded-virtual -Wno-exit-time-destructors -Wno-missing-braces -Wparentheses -Wswitch -Wno-unused-function -Wno-unused-label -Wno-unused-parameter -Wno-unused-variable -Wunused-value -Wno-empty-body -Wno-uninitialized -Wno-unknown-pragmas -Wno-shadow -Wno-four-char-constants -Wno-conversion -Wno-constant-conversion -Wno-int-conversion -Wno-bool-conversion -Wno-enum-conversion -Wno-float-conversion -Wno-non-literal-null-conversion -Wno-objc-literal-conversion -Wshorten-64-to-32 -Wno-newline-eof -Wno-c++11-extensions -DCMAKE_INTDIR\=\"Debug-iphoneos\" -isysroot /Applications/Xcode.app/Contents/Developer/Platforms/iPhoneOS.platform/Developer/SDKs/iPhoneOS15.2.sdk -fstrict-aliasing -Wdeprecated-declarations -Winvalid-offsetof -g -Wno-sign-conversion -Wno-infinite-recursion -Wno-move -Wno-comma -Wno-block-capture-autoreleasing -Wno-strict-prototypes -Wno-range-loop-analysis -Wno-semicolon-before-method-body -fembed-bitcode-marker -I/Users/catdev/repos/AEC3/iOS/CMakeFiles/CMakeTmp/Debug/include -I/Users/catdev/repos/AEC3/iOS/CMakeFiles/CMakeTmp/CMAKE_TRY_COMPILE.build/Debug-iphoneos/cmTC_bec05.build/DerivedSources-normal/arm64 -I/Users/catdev/repos/AEC3/iOS/CMakeFiles/CMakeTmp/CMAKE_TRY_COMPILE.build/Debug-iphoneos/cmTC_bec05.build/DerivedSources/arm64 -I/Users/catdev/repos/AEC3/iOS/CMakeFiles/CMakeTmp/CMAKE_TRY_COMPILE.build/Debug-iphoneos/cmTC_bec05.build/DerivedSources -F/Users/catdev/repos/AEC3/iOS/CMakeFiles/CMakeTmp/Debug -std\=gnu++14 -v -Wl,-v -MMD -MT dependencies -MF /Users/catdev/repos/AEC3/iOS/CMakeFiles/CMakeTmp/CMAKE_TRY_COMPILE.build/Debug-iphoneos/cmTC_bec05.build/Objects-normal/arm64/CMakeCXXCompilerABI.d --serialize-diagnostics /Users/catdev/repos/AEC3/iOS/CMakeFiles/CMakeTmp/CMAKE_TRY_COMPILE.build/Debug-iphoneos/cmTC_bec05.build/Objects-normal/arm64/CMakeCXXCompilerABI.dia -c /usr/local/Cellar/cmake/3.22.0/share/cmake/Modules/CMakeCXXCompilerABI.cpp -o /Users/catdev/repos/AEC3/iOS/CMakeFiles/CMakeTmp/CMAKE_TRY_COMPILE.build/Debug-iphoneos/cmTC_bec05.build/Objects-normal/arm64/CMakeCXXCompilerABI.o
Apple clang version 13.0.0 (clang-1300.0.29.30)
Target: arm64-apple-ios11.0
Thread model: posix
InstalledDir: /Applications/Xcode.app/Contents/Developer/Toolchains/XcodeDefault.xctoolchain/usr/bin
clang: warning: -Wl,-v: 'linker' input unused [-Wunused-command-line-argument]
 "/Applications/Xcode.app/Contents/Developer/Toolchains/XcodeDefault.xctoolchain/usr/bin/clang" -cc1 -triple arm64-apple-ios11.0.0 -Wundef-prefix=TARGET_OS_ -Wdeprecated-objc-isa-usage -Werror=deprecated-objc-isa-usage -Werror=implicit-function-declaration -emit-obj --mrelax-relocations -fembed-bitcode=marker -fembed-bitcode=marker -disable-free -disable-llvm-verifier -discard-value-names -main-file-name CMakeCXXCompilerABI.cpp -mrelocation-model pic -pic-level 2 -mframe-pointer=non-leaf -fno-strict-return -fno-rounding-math -munwind-tables -target-sdk-version=15.2 -fvisibility-inlines-hidden-static-local-var -target-cpu apple-a7 -target-feature +fp-armv8 -target-feature +neon -target-feature +crypto -target-feature +zcm -target-feature +zcz -target-feature +sha2 -target-feature +aes -target-abi darwinpcs -fallow-half-arguments-and-returns -debug-info-kind=standalone -dwarf-version=4 -debugger-tuning=lldb -target-linker-version 711 -v -resource-dir /Applications/Xcode.app/Contents/Developer/Toolchains/XcodeDefault.xctoolchain/usr/lib/clang/13.0.0 -dependency-file /Users/catdev/repos/AEC3/iOS/CMakeFiles/CMakeTmp/CMAKE_TRY_COMPILE.build/Debug-iphoneos/cmTC_bec05.build/Objects-normal/arm64/CMakeCXXCompilerABI.d -skip-unused-modulemap-deps -MT dependencies -isysroot /Applications/Xcode.app/Contents/Developer/Platforms/iPhoneOS.platform/Developer/SDKs/iPhoneOS15.2.sdk -D "CMAKE_INTDIR=\"Debug-iphoneos\"" -I /Users/catdev/repos/AEC3/iOS/CMakeFiles/CMakeTmp/Debug/include -I /Users/catdev/repos/AEC3/iOS/CMakeFiles/CMakeTmp/CMAKE_TRY_COMPILE.build/Debug-iphoneos/cmTC_bec05.build/DerivedSources-normal/arm64 -I /Users/catdev/repos/AEC3/iOS/CMakeFiles/CMakeTmp/CMAKE_TRY_COMPILE.build/Debug-iphoneos/cmTC_bec05.build/DerivedSources/arm64 -I /Users/catdev/repos/AEC3/iOS/CMakeFiles/CMakeTmp/CMAKE_TRY_COMPILE.build/Debug-iphoneos/cmTC_bec05.build/DerivedSources -F/Users/catdev/repos/AEC3/iOS/CMakeFiles/CMakeTmp/Debug -stdlib=libc++ -internal-isystem /Applications/Xcode.app/Contents/Developer/Platforms/iPhoneOS.platform/Developer/SDKs/iPhoneOS15.2.sdk/usr/include/c++/v1 -internal-isystem /Applications/Xcode.app/Contents/Developer/Platforms/iPhoneOS.platform/Developer/SDKs/iPhoneOS15.2.sdk/usr/local/include -internal-isystem /Applications/Xcode.app/Contents/Developer/Toolchains/XcodeDefault.xctoolchain/usr/lib/clang/13.0.0/include -internal-externc-isystem /Applications/Xcode.app/Contents/Developer/Platforms/iPhoneOS.platform/Developer/SDKs/iPhoneOS15.2.sdk/usr/include -internal-externc-isystem /Applications/Xcode.app/Contents/Developer/Toolchains/XcodeDefault.xctoolchain/usr/include -O0 -Wno-trigraphs -Wno-missing-field-initializers -Wno-missing-prototypes -Wno-return-type -Wno-non-virtual-dtor -Wno-overloaded-virtual -Wno-exit-time-destructors -Wno-missing-braces -Wparentheses -Wswitch -Wno-unused-function -Wno-unused-label -Wno-unused-parameter -Wno-unused-variable -Wunused-value -Wno-empty-body -Wno-uninitialized -Wno-unknown-pragmas -Wno-shadow -Wno-four-char-constants -Wno-conversion -Wno-constant-conversion -Wno-int-conversion -Wno-bool-conversion -Wno-enum-conversion -Wno-float-conversion -Wno-non-literal-null-conversion -Wno-objc-literal-conversion -Wshorten-64-to-32 -Wno-newline-eof -Wno-c++11-extensions -Wdeprecated-declarations -Winvalid-offsetof -Wno-sign-conversion -Wno-infinite-recursion -Wno-move -Wno-comma -Wno-block-capture-autoreleasing -Wno-strict-prototypes -Wno-range-loop-analysis -Wno-semicolon-before-method-body -Wno-reorder-init-list -Wno-implicit-int-float-conversion -Wno-c99-designator -Wno-final-dtor-non-final-class -Wno-extra-semi-stmt -Wno-misleading-indentation -Wno-quoted-include-in-framework-header -Wno-implicit-fallthrough -Wno-enum-enum-conversion -Wno-enum-float-conversion -Wno-elaborated-enum-base -std=gnu++14 -fdeprecated-macro -fdebug-compilation-dir /Users/catdev/repos/AEC3/iOS/CMakeFiles/CMakeTmp -ferror-limit 19 -fmacro-backtrace-limit 0 -stack-protector 1 -mdarwin-stkchk-strong-link -fblocks -fencode-extended-block-signature -fregister-global-dtors-with-atexit -fgnuc-version=4.2.1 -fno-cxx-modules -fcxx-exceptions -fexceptions -fpascal-strings -fmax-type-align=16 -fcommon -fdiagnostics-show-note-include-stack -serialize-diagnostic-file /Users/catdev/repos/AEC3/iOS/CMakeFiles/CMakeTmp/CMAKE_TRY_COMPILE.build/Debug-iphoneos/cmTC_bec05.build/Objects-normal/arm64/CMakeCXXCompilerABI.dia -clang-vendor-feature=+nullptrToBoolConversion -clang-vendor-feature=+messageToSelfInClassMethodIdReturnType -clang-vendor-feature=+disableInferNewAvailabilityFromInit -clang-vendor-feature=+disableNeonImmediateRangeCheck -clang-vendor-feature=+disableNonDependentMemberExprInCurrentInstantiation -fno-odr-hash-protocols -clang-vendor-feature=+revert09abecef7bbf -o /Users/catdev/repos/AEC3/iOS/CMakeFiles/CMakeTmp/CMAKE_TRY_COMPILE.build/Debug-iphoneos/cmTC_bec05.build/Objects-normal/arm64/CMakeCXXCompilerABI.o -x c++ /usr/local/Cellar/cmake/3.22.0/share/cmake/Modules/CMakeCXXCompilerABI.cpp
clang -cc1 version 13.0.0 (clang-1300.0.29.30) default target x86_64-apple-darwin20.6.0
ignoring nonexistent directory "/Users/catdev/repos/AEC3/iOS/CMakeFiles/CMakeTmp/Debug/include"
ignoring nonexistent directory "/Users/catdev/repos/AEC3/iOS/CMakeFiles/CMakeTmp/CMAKE_TRY_COMPILE.build/Debug-iphoneos/cmTC_bec05.build/DerivedSources-normal/arm64"
ignoring nonexistent directory "/Users/catdev/repos/AEC3/iOS/CMakeFiles/CMakeTmp/CMAKE_TRY_COMPILE.build/Debug-iphoneos/cmTC_bec05.build/DerivedSources/arm64"
ignoring nonexistent directory "/Users/catdev/repos/AEC3/iOS/CMakeFiles/CMakeTmp/CMAKE_TRY_COMPILE.build/Debug-iphoneos/cmTC_bec05.build/DerivedSources"
ignoring nonexistent directory "/Applications/Xcode.app/Contents/Developer/Platforms/iPhoneOS.platform/Developer/SDKs/iPhoneOS15.2.sdk/usr/local/include"
ignoring nonexistent directory "/Applications/Xcode.app/Contents/Developer/Platforms/iPhoneOS.platform/Developer/SDKs/iPhoneOS15.2.sdk/Library/Frameworks"
#include "..." search starts here:
#include <...> search starts here:
 /Users/catdev/repos/AEC3/iOS/CMakeFiles/CMakeTmp/Debug (framework directory)
 /Applications/Xcode.app/Contents/Developer/Platforms/iPhoneOS.platform/Developer/SDKs/iPhoneOS15.2.sdk/usr/include/c++/v1
 /Applications/Xcode.app/Contents/Developer/Toolchains/XcodeDefault.xctoolchain/usr/lib/clang/13.0.0/include
 /Applications/Xcode.app/Contents/Developer/Platforms/iPhoneOS.platform/Developer/SDKs/iPhoneOS15.2.sdk/usr/include
 /Applications/Xcode.app/Contents/Developer/Toolchains/XcodeDefault.xctoolchain/usr/include
 /Applications/Xcode.app/Contents/Developer/Platforms/iPhoneOS.platform/Developer/SDKs/iPhoneOS15.2.sdk/System/Library/Frameworks (framework directory)
End of search list.

WriteAuxiliaryFile /Users/catdev/repos/AEC3/iOS/CMakeFiles/CMakeTmp/CMAKE_TRY_COMPILE.build/Debug-iphoneos/cmTC_bec05.build/Objects-normal/arm64/cmTC_bec05.LinkFileList (in target 'cmTC_bec05' from project 'CMAKE_TRY_COMPILE')
    cd /Users/catdev/repos/AEC3/iOS/CMakeFiles/CMakeTmp
    write-file /Users/catdev/repos/AEC3/iOS/CMakeFiles/CMakeTmp/CMAKE_TRY_COMPILE.build/Debug-iphoneos/cmTC_bec05.build/Objects-normal/arm64/cmTC_bec05.LinkFileList

Libtool /Users/catdev/repos/AEC3/iOS/CMakeFiles/CMakeTmp/Debug/libcmTC_bec05.a normal (in target 'cmTC_bec05' from project 'CMAKE_TRY_COMPILE')
    cd /Users/catdev/repos/AEC3/iOS/CMakeFiles/CMakeTmp
    /Applications/Xcode.app/Contents/Developer/Toolchains/XcodeDefault.xctoolchain/usr/bin/libtool -static -arch_only arm64 -D -syslibroot /Applications/Xcode.app/Contents/Developer/Platforms/iPhoneOS.platform/Developer/SDKs/iPhoneOS15.2.sdk -L/Users/catdev/repos/AEC3/iOS/CMakeFiles/CMakeTmp/Debug -filelist /Users/catdev/repos/AEC3/iOS/CMakeFiles/CMakeTmp/CMAKE_TRY_COMPILE.build/Debug-iphoneos/cmTC_bec05.build/Objects-normal/arm64/cmTC_bec05.LinkFileList -dependency_info /Users/catdev/repos/AEC3/iOS/CMakeFiles/CMakeTmp/CMAKE_TRY_COMPILE.build/Debug-iphoneos/cmTC_bec05.build/Objects-normal/arm64/cmTC_bec05_libtool_dependency_info.dat -o /Users/catdev/repos/AEC3/iOS/CMakeFiles/CMakeTmp/Debug/libcmTC_bec05.a

** BUILD SUCCEEDED **




Parsed CXX implicit include dir info from above output: rv=done
  found start of include info
  found start of implicit include info
    add: [/Applications/Xcode.app/Contents/Developer/Platforms/iPhoneOS.platform/Developer/SDKs/iPhoneOS15.2.sdk/usr/include/c++/v1]
    add: [/Applications/Xcode.app/Contents/Developer/Toolchains/XcodeDefault.xctoolchain/usr/lib/clang/13.0.0/include]
    add: [/Applications/Xcode.app/Contents/Developer/Platforms/iPhoneOS.platform/Developer/SDKs/iPhoneOS15.2.sdk/usr/include]
    add: [/Applications/Xcode.app/Contents/Developer/Toolchains/XcodeDefault.xctoolchain/usr/include]
  end of search list found
  collapse include dir [/Applications/Xcode.app/Contents/Developer/Platforms/iPhoneOS.platform/Developer/SDKs/iPhoneOS15.2.sdk/usr/include/c++/v1] ==> [/Applications/Xcode.app/Contents/Developer/Platforms/iPhoneOS.platform/Developer/SDKs/iPhoneOS15.2.sdk/usr/include/c++/v1]
  collapse include dir [/Applications/Xcode.app/Contents/Developer/Toolchains/XcodeDefault.xctoolchain/usr/lib/clang/13.0.0/include] ==> [/Applications/Xcode.app/Contents/Developer/Toolchains/XcodeDefault.xctoolchain/usr/lib/clang/13.0.0/include]
  collapse include dir [/Applications/Xcode.app/Contents/Developer/Platforms/iPhoneOS.platform/Developer/SDKs/iPhoneOS15.2.sdk/usr/include] ==> [/Applications/Xcode.app/Contents/Developer/Platforms/iPhoneOS.platform/Developer/SDKs/iPhoneOS15.2.sdk/usr/include]
  collapse include dir [/Applications/Xcode.app/Contents/Developer/Toolchains/XcodeDefault.xctoolchain/usr/include] ==> [/Applications/Xcode.app/Contents/Developer/Toolchains/XcodeDefault.xctoolchain/usr/include]
  implicit include dirs: [/Applications/Xcode.app/Contents/Developer/Platforms/iPhoneOS.platform/Developer/SDKs/iPhoneOS15.2.sdk/usr/include/c++/v1;/Applications/Xcode.app/Contents/Developer/Toolchains/XcodeDefault.xctoolchain/usr/lib/clang/13.0.0/include;/Applications/Xcode.app/Contents/Developer/Platforms/iPhoneOS.platform/Developer/SDKs/iPhoneOS15.2.sdk/usr/include;/Applications/Xcode.app/Contents/Developer/Toolchains/XcodeDefault.xctoolchain/usr/include]


Parsed CXX implicit link information from above output:
  link line regex: [^( *|.*[/\])(ld|CMAKE_LINK_STARTFILE-NOTFOUND|([^/\]+-)?ld|collect2)[^/\]*( |$)]
  ignore line: [Change Dir: /Users/catdev/repos/AEC3/iOS/CMakeFiles/CMakeTmp]
  ignore line: []
  ignore line: [Run Build Command(s):/usr/bin/xcodebuild -project CMAKE_TRY_COMPILE.xcodeproj build -target cmTC_bec05 -parallelizeTargets -configuration Debug -hideShellScriptEnvironment && Command line invocation:]
  ignore line: [    /Applications/Xcode.app/Contents/Developer/usr/bin/xcodebuild -project CMAKE_TRY_COMPILE.xcodeproj build -target cmTC_bec05 -parallelizeTargets -configuration Debug -hideShellScriptEnvironment]
  ignore line: []
  ignore line: [User defaults from command line:]
  ignore line: [    HideShellScriptEnvironment = YES]
  ignore line: [    IDEPackageSupportUseBuiltinSCM = YES]
  ignore line: []
  ignore line: [note: Using new build system]
  ignore line: [note: Planning]
  ignore line: [Analyze workspace]
  ignore line: []
  ignore line: [Create build description]
  ignore line: [Build description signature: 78ad56f273940ca9f828cca16075e205]
  ignore line: [Build description path: /Users/catdev/repos/AEC3/iOS/CMakeFiles/CMakeTmp/build/XCBuildData/78ad56f273940ca9f828cca16075e205-desc.xcbuild]
  ignore line: []
  ignore line: [note: Build preparation complete]
  ignore line: [note: Building targets in dependency order]
  ignore line: [CreateBuildDirectory /Users/catdev/repos/AEC3/iOS/CMakeFiles/CMakeTmp]
  ignore line: [    cd /Users/catdev/repos/AEC3/iOS/CMakeFiles/CMakeTmp/CMAKE_TRY_COMPILE.xcodeproj]
  ignore line: [    builtin-create-build-directory /Users/catdev/repos/AEC3/iOS/CMakeFiles/CMakeTmp]
  ignore line: []
  ignore line: [CreateBuildDirectory /Users/catdev/repos/AEC3/iOS/CMakeFiles/CMakeTmp/Debug]
  ignore line: [    cd /Users/catdev/repos/AEC3/iOS/CMakeFiles/CMakeTmp/CMAKE_TRY_COMPILE.xcodeproj]
  ignore line: [    builtin-create-build-directory /Users/catdev/repos/AEC3/iOS/CMakeFiles/CMakeTmp/Debug]
  ignore line: []
  ignore line: [CompileC /Users/catdev/repos/AEC3/iOS/CMakeFiles/CMakeTmp/CMAKE_TRY_COMPILE.build/Debug-iphoneos/cmTC_bec05.build/Objects-normal/arm64/CMakeCXXCompilerABI.o /usr/local/Cellar/cmake/3.22.0/share/cmake/Modules/CMakeCXXCompilerABI.cpp normal arm64 c++ com.apple.compilers.llvm.clang.1_0.compiler (in target 'cmTC_bec05' from project 'CMAKE_TRY_COMPILE')]
  ignore line: [    cd /Users/catdev/repos/AEC3/iOS/CMakeFiles/CMakeTmp]
  ignore line: [    /Applications/Xcode.app/Contents/Developer/Toolchains/XcodeDefault.xctoolchain/usr/bin/clang -x c++ -target arm64-apple-ios11.0 -fmessage-length\=0 -fdiagnostics-show-note-include-stack -fmacro-backtrace-limit\=0 -Wno-trigraphs -fpascal-strings -O0 -Wno-missing-field-initializers -Wno-missing-prototypes -Wno-return-type -Wno-non-virtual-dtor -Wno-overloaded-virtual -Wno-exit-time-destructors -Wno-missing-braces -Wparentheses -Wswitch -Wno-unused-function -Wno-unused-label -Wno-unused-parameter -Wno-unused-variable -Wunused-value -Wno-empty-body -Wno-uninitialized -Wno-unknown-pragmas -Wno-shadow -Wno-four-char-constants -Wno-conversion -Wno-constant-conversion -Wno-int-conversion -Wno-bool-conversion -Wno-enum-conversion -Wno-float-conversion -Wno-non-literal-null-conversion -Wno-objc-literal-conversion -Wshorten-64-to-32 -Wno-newline-eof -Wno-c++11-extensions -DCMAKE_INTDIR\=\"Debug-iphoneos\" -isysroot /Applications/Xcode.app/Contents/Developer/Platforms/iPhoneOS.platform/Developer/SDKs/iPhoneOS15.2.sdk -fstrict-aliasing -Wdeprecated-declarations -Winvalid-offsetof -g -Wno-sign-conversion -Wno-infinite-recursion -Wno-move -Wno-comma -Wno-block-capture-autoreleasing -Wno-strict-prototypes -Wno-range-loop-analysis -Wno-semicolon-before-method-body -fembed-bitcode-marker -I/Users/catdev/repos/AEC3/iOS/CMakeFiles/CMakeTmp/Debug/include -I/Users/catdev/repos/AEC3/iOS/CMakeFiles/CMakeTmp/CMAKE_TRY_COMPILE.build/Debug-iphoneos/cmTC_bec05.build/DerivedSources-normal/arm64 -I/Users/catdev/repos/AEC3/iOS/CMakeFiles/CMakeTmp/CMAKE_TRY_COMPILE.build/Debug-iphoneos/cmTC_bec05.build/DerivedSources/arm64 -I/Users/catdev/repos/AEC3/iOS/CMakeFiles/CMakeTmp/CMAKE_TRY_COMPILE.build/Debug-iphoneos/cmTC_bec05.build/DerivedSources -F/Users/catdev/repos/AEC3/iOS/CMakeFiles/CMakeTmp/Debug -std\=gnu++14 -v -Wl -v -MMD -MT dependencies -MF /Users/catdev/repos/AEC3/iOS/CMakeFiles/CMakeTmp/CMAKE_TRY_COMPILE.build/Debug-iphoneos/cmTC_bec05.build/Objects-normal/arm64/CMakeCXXCompilerABI.d --serialize-diagnostics /Users/catdev/repos/AEC3/iOS/CMakeFiles/CMakeTmp/CMAKE_TRY_COMPILE.build/Debug-iphoneos/cmTC_bec05.build/Objects-normal/arm64/CMakeCXXCompilerABI.dia -c /usr/local/Cellar/cmake/3.22.0/share/cmake/Modules/CMakeCXXCompilerABI.cpp -o /Users/catdev/repos/AEC3/iOS/CMakeFiles/CMakeTmp/CMAKE_TRY_COMPILE.build/Debug-iphoneos/cmTC_bec05.build/Objects-normal/arm64/CMakeCXXCompilerABI.o]
  ignore line: [Apple clang version 13.0.0 (clang-1300.0.29.30)]
  ignore line: [Target: arm64-apple-ios11.0]
  ignore line: [Thread model: posix]
  ignore line: [InstalledDir: /Applications/Xcode.app/Contents/Developer/Toolchains/XcodeDefault.xctoolchain/usr/bin]
  ignore line: [clang: warning: -Wl -v: 'linker' input unused [-Wunused-command-line-argument]]
  ignore line: [ "/Applications/Xcode.app/Contents/Developer/Toolchains/XcodeDefault.xctoolchain/usr/bin/clang" -cc1 -triple arm64-apple-ios11.0.0 -Wundef-prefix=TARGET_OS_ -Wdeprecated-objc-isa-usage -Werror=deprecated-objc-isa-usage -Werror=implicit-function-declaration -emit-obj --mrelax-relocations -fembed-bitcode=marker -fembed-bitcode=marker -disable-free -disable-llvm-verifier -discard-value-names -main-file-name CMakeCXXCompilerABI.cpp -mrelocation-model pic -pic-level 2 -mframe-pointer=non-leaf -fno-strict-return -fno-rounding-math -munwind-tables -target-sdk-version=15.2 -fvisibility-inlines-hidden-static-local-var -target-cpu apple-a7 -target-feature +fp-armv8 -target-feature +neon -target-feature +crypto -target-feature +zcm -target-feature +zcz -target-feature +sha2 -target-feature +aes -target-abi darwinpcs -fallow-half-arguments-and-returns -debug-info-kind=standalone -dwarf-version=4 -debugger-tuning=lldb -target-linker-version 711 -v -resource-dir /Applications/Xcode.app/Contents/Developer/Toolchains/XcodeDefault.xctoolchain/usr/lib/clang/13.0.0 -dependency-file /Users/catdev/repos/AEC3/iOS/CMakeFiles/CMakeTmp/CMAKE_TRY_COMPILE.build/Debug-iphoneos/cmTC_bec05.build/Objects-normal/arm64/CMakeCXXCompilerABI.d -skip-unused-modulemap-deps -MT dependencies -isysroot /Applications/Xcode.app/Contents/Developer/Platforms/iPhoneOS.platform/Developer/SDKs/iPhoneOS15.2.sdk -D "CMAKE_INTDIR=\"Debug-iphoneos\"" -I /Users/catdev/repos/AEC3/iOS/CMakeFiles/CMakeTmp/Debug/include -I /Users/catdev/repos/AEC3/iOS/CMakeFiles/CMakeTmp/CMAKE_TRY_COMPILE.build/Debug-iphoneos/cmTC_bec05.build/DerivedSources-normal/arm64 -I /Users/catdev/repos/AEC3/iOS/CMakeFiles/CMakeTmp/CMAKE_TRY_COMPILE.build/Debug-iphoneos/cmTC_bec05.build/DerivedSources/arm64 -I /Users/catdev/repos/AEC3/iOS/CMakeFiles/CMakeTmp/CMAKE_TRY_COMPILE.build/Debug-iphoneos/cmTC_bec05.build/DerivedSources -F/Users/catdev/repos/AEC3/iOS/CMakeFiles/CMakeTmp/Debug -stdlib=libc++ -internal-isystem /Applications/Xcode.app/Contents/Developer/Platforms/iPhoneOS.platform/Developer/SDKs/iPhoneOS15.2.sdk/usr/include/c++/v1 -internal-isystem /Applications/Xcode.app/Contents/Developer/Platforms/iPhoneOS.platform/Developer/SDKs/iPhoneOS15.2.sdk/usr/local/include -internal-isystem /Applications/Xcode.app/Contents/Developer/Toolchains/XcodeDefault.xctoolchain/usr/lib/clang/13.0.0/include -internal-externc-isystem /Applications/Xcode.app/Contents/Developer/Platforms/iPhoneOS.platform/Developer/SDKs/iPhoneOS15.2.sdk/usr/include -internal-externc-isystem /Applications/Xcode.app/Contents/Developer/Toolchains/XcodeDefault.xctoolchain/usr/include -O0 -Wno-trigraphs -Wno-missing-field-initializers -Wno-missing-prototypes -Wno-return-type -Wno-non-virtual-dtor -Wno-overloaded-virtual -Wno-exit-time-destructors -Wno-missing-braces -Wparentheses -Wswitch -Wno-unused-function -Wno-unused-label -Wno-unused-parameter -Wno-unused-variable -Wunused-value -Wno-empty-body -Wno-uninitialized -Wno-unknown-pragmas -Wno-shadow -Wno-four-char-constants -Wno-conversion -Wno-constant-conversion -Wno-int-conversion -Wno-bool-conversion -Wno-enum-conversion -Wno-float-conversion -Wno-non-literal-null-conversion -Wno-objc-literal-conversion -Wshorten-64-to-32 -Wno-newline-eof -Wno-c++11-extensions -Wdeprecated-declarations -Winvalid-offsetof -Wno-sign-conversion -Wno-infinite-recursion -Wno-move -Wno-comma -Wno-block-capture-autoreleasing -Wno-strict-prototypes -Wno-range-loop-analysis -Wno-semicolon-before-method-body -Wno-reorder-init-list -Wno-implicit-int-float-conversion -Wno-c99-designator -Wno-final-dtor-non-final-class -Wno-extra-semi-stmt -Wno-misleading-indentation -Wno-quoted-include-in-framework-header -Wno-implicit-fallthrough -Wno-enum-enum-conversion -Wno-enum-float-conversion -Wno-elaborated-enum-base -std=gnu++14 -fdeprecated-macro -fdebug-compilation-dir /Users/catdev/repos/AEC3/iOS/CMakeFiles/CMakeTmp -ferror-limit 19 -fmacro-backtrace-limit 0 -stack-protector 1 -mdarwin-stkchk-strong-link -fblocks -fencode-extended-block-signature -fregister-global-dtors-with-atexit -fgnuc-version=4.2.1 -fno-cxx-modules -fcxx-exceptions -fexceptions -fpascal-strings -fmax-type-align=16 -fcommon -fdiagnostics-show-note-include-stack -serialize-diagnostic-file /Users/catdev/repos/AEC3/iOS/CMakeFiles/CMakeTmp/CMAKE_TRY_COMPILE.build/Debug-iphoneos/cmTC_bec05.build/Objects-normal/arm64/CMakeCXXCompilerABI.dia -clang-vendor-feature=+nullptrToBoolConversion -clang-vendor-feature=+messageToSelfInClassMethodIdReturnType -clang-vendor-feature=+disableInferNewAvailabilityFromInit -clang-vendor-feature=+disableNeonImmediateRangeCheck -clang-vendor-feature=+disableNonDependentMemberExprInCurrentInstantiation -fno-odr-hash-protocols -clang-vendor-feature=+revert09abecef7bbf -o /Users/catdev/repos/AEC3/iOS/CMakeFiles/CMakeTmp/CMAKE_TRY_COMPILE.build/Debug-iphoneos/cmTC_bec05.build/Objects-normal/arm64/CMakeCXXCompilerABI.o -x c++ /usr/local/Cellar/cmake/3.22.0/share/cmake/Modules/CMakeCXXCompilerABI.cpp]
  ignore line: [clang -cc1 version 13.0.0 (clang-1300.0.29.30) default target x86_64-apple-darwin20.6.0]
  ignore line: [ignoring nonexistent directory "/Users/catdev/repos/AEC3/iOS/CMakeFiles/CMakeTmp/Debug/include"]
  ignore line: [ignoring nonexistent directory "/Users/catdev/repos/AEC3/iOS/CMakeFiles/CMakeTmp/CMAKE_TRY_COMPILE.build/Debug-iphoneos/cmTC_bec05.build/DerivedSources-normal/arm64"]
  ignore line: [ignoring nonexistent directory "/Users/catdev/repos/AEC3/iOS/CMakeFiles/CMakeTmp/CMAKE_TRY_COMPILE.build/Debug-iphoneos/cmTC_bec05.build/DerivedSources/arm64"]
  ignore line: [ignoring nonexistent directory "/Users/catdev/repos/AEC3/iOS/CMakeFiles/CMakeTmp/CMAKE_TRY_COMPILE.build/Debug-iphoneos/cmTC_bec05.build/DerivedSources"]
  ignore line: [ignoring nonexistent directory "/Applications/Xcode.app/Contents/Developer/Platforms/iPhoneOS.platform/Developer/SDKs/iPhoneOS15.2.sdk/usr/local/include"]
  ignore line: [ignoring nonexistent directory "/Applications/Xcode.app/Contents/Developer/Platforms/iPhoneOS.platform/Developer/SDKs/iPhoneOS15.2.sdk/Library/Frameworks"]
  ignore line: [#include "..." search starts here:]
  ignore line: [#include <...> search starts here:]
  ignore line: [ /Users/catdev/repos/AEC3/iOS/CMakeFiles/CMakeTmp/Debug (framework directory)]
  ignore line: [ /Applications/Xcode.app/Contents/Developer/Platforms/iPhoneOS.platform/Developer/SDKs/iPhoneOS15.2.sdk/usr/include/c++/v1]
  ignore line: [ /Applications/Xcode.app/Contents/Developer/Toolchains/XcodeDefault.xctoolchain/usr/lib/clang/13.0.0/include]
  ignore line: [ /Applications/Xcode.app/Contents/Developer/Platforms/iPhoneOS.platform/Developer/SDKs/iPhoneOS15.2.sdk/usr/include]
  ignore line: [ /Applications/Xcode.app/Contents/Developer/Toolchains/XcodeDefault.xctoolchain/usr/include]
  ignore line: [ /Applications/Xcode.app/Contents/Developer/Platforms/iPhoneOS.platform/Developer/SDKs/iPhoneOS15.2.sdk/System/Library/Frameworks (framework directory)]
  ignore line: [End of search list.]
  ignore line: []
  ignore line: [WriteAuxiliaryFile /Users/catdev/repos/AEC3/iOS/CMakeFiles/CMakeTmp/CMAKE_TRY_COMPILE.build/Debug-iphoneos/cmTC_bec05.build/Objects-normal/arm64/cmTC_bec05.LinkFileList (in target 'cmTC_bec05' from project 'CMAKE_TRY_COMPILE')]
  ignore line: [    cd /Users/catdev/repos/AEC3/iOS/CMakeFiles/CMakeTmp]
  ignore line: [    write-file /Users/catdev/repos/AEC3/iOS/CMakeFiles/CMakeTmp/CMAKE_TRY_COMPILE.build/Debug-iphoneos/cmTC_bec05.build/Objects-normal/arm64/cmTC_bec05.LinkFileList]
  ignore line: []
  ignore line: [Libtool /Users/catdev/repos/AEC3/iOS/CMakeFiles/CMakeTmp/Debug/libcmTC_bec05.a normal (in target 'cmTC_bec05' from project 'CMAKE_TRY_COMPILE')]
  ignore line: [    cd /Users/catdev/repos/AEC3/iOS/CMakeFiles/CMakeTmp]
  ignore line: [    /Applications/Xcode.app/Contents/Developer/Toolchains/XcodeDefault.xctoolchain/usr/bin/libtool -static -arch_only arm64 -D -syslibroot /Applications/Xcode.app/Contents/Developer/Platforms/iPhoneOS.platform/Developer/SDKs/iPhoneOS15.2.sdk -L/Users/catdev/repos/AEC3/iOS/CMakeFiles/CMakeTmp/Debug -filelist /Users/catdev/repos/AEC3/iOS/CMakeFiles/CMakeTmp/CMAKE_TRY_COMPILE.build/Debug-iphoneos/cmTC_bec05.build/Objects-normal/arm64/cmTC_bec05.LinkFileList -dependency_info /Users/catdev/repos/AEC3/iOS/CMakeFiles/CMakeTmp/CMAKE_TRY_COMPILE.build/Debug-iphoneos/cmTC_bec05.build/Objects-normal/arm64/cmTC_bec05_libtool_dependency_info.dat -o /Users/catdev/repos/AEC3/iOS/CMakeFiles/CMakeTmp/Debug/libcmTC_bec05.a]
  ignore line: []
  ignore line: [** BUILD SUCCEEDED **]
  ignore line: []
  ignore line: []
  ignore line: []
  implicit libs: []
  implicit objs: []
  implicit dirs: []
  implicit fwks: []


